[71514:775:0505/225423.127008:ERROR:CONSOLE(0)] "Uncaught (in promise) Error: Can't find bookmark for id.", source: chrome://bookmarks/?id=2 (0)

[71514:775:0505/225423.127458:ERROR:CONSOLE(0)] "Uncaught (in promise) Error: Can't find bookmark for id.", source: chrome://bookmarks/?id=2 (0)

[71514:775:0505/225423.360219:ERROR:CONSOLE(1330)] "Uncaught TypeError: Cannot read property 'onChanged' of undefined", source: chrome://bookmarks/bookmarks.js (1330)

=================================================================

**==71766==ERROR: AddressSanitizer: use-after-poison on address 0x7ef8e50630a8 at pc 0x0001220be2e7 bp 0x7000142f7240 sp 0x7000142f7238**

**READ of size 8 at 0x7ef8e50630a8 thread T25**

==71766==WARNING: failed to spawn external symbolizer (errno: 9)

==71766==WARNING: failed to spawn external symbolizer (errno: 9)

==71766==WARNING: failed to spawn external symbolizer (errno: 9)

==71766==WARNING: failed to spawn external symbolizer (errno: 9)

==71766==WARNING: failed to spawn external symbolizer (errno: 9)

==71766==WARNING: Failed to use and restart external symbolizer!

  \#0 0x1220be2e6 in blink::FrameOrWorkerScheduler::NotifyLifecycleObservers()+0x2a6 (/Users/raven/src/out/asan/Chromium.app/Contents/Frameworks/Chromium Framework.framework/Versions/92.0.4484.0/Chromium Framework:x86_64+0xa3f62e6)

  \#1 0x12216927e in base::internal::Invoker<base::internal::BindState<void (blink::scheduler::WorkerScheduler::*)(blink::scheduler::SchedulingLifecycleState), base::WeakPtr<blink::scheduler::WorkerScheduler>, blink::scheduler::SchedulingLifecycleState>, void ()>::RunOnce(base::internal::BindStateBase*)+0x1fe (/Users/raven/src/out/asan/Chromium.app/Contents/Frameworks/Chromium Framework.framework/Versions/92.0.4484.0/Chromium Framework:x86_64+0xa4a127e)

  \#2 0x123b3e269 in base::TaskAnnotator::RunTask(char const*, base::PendingTask*)+0x3e9 (/Users/raven/src/out/asan/Chromium.app/Contents/Frameworks/Chromium Framework.framework/Versions/92.0.4484.0/Chromium Framework:x86_64+0xbe76269)

  \#3 0x123b7c4b2 in base::sequence_manager::internal::ThreadControllerWithMessagePumpImpl::DoWorkImpl(base::sequence_manager::LazyNow*)+0x502 (/Users/raven/src/out/asan/Chromium.app/Contents/Frameworks/Chromium Framework.framework/Versions/92.0.4484.0/Chromium Framework:x86_64+0xbeb44b2)

  \#4 0x123b7bc97 in base::sequence_manager::internal::ThreadControllerWithMessagePumpImpl::DoWork()+0x1f7 (/Users/raven/src/out/asan/Chromium.app/Contents/Frameworks/Chromium Framework.framework/Versions/92.0.4484.0/Chromium Framework:x86_64+0xbeb3c97)

  \#5 0x123a34193 in base::MessagePumpDefault::Run(base::MessagePump::Delegate*)+0x283 (/Users/raven/src/out/asan/Chromium.app/Contents/Frameworks/Chromium Framework.framework/Versions/92.0.4484.0/Chromium Framework:x86_64+0xbd6c193)

  \#6 0x123b7d715 in base::sequence_manager::internal::ThreadControllerWithMessagePumpImpl::Run(bool, base::TimeDelta)+0x2a5 (/Users/raven/src/out/asan/Chromium.app/Contents/Frameworks/Chromium Framework.framework/Versions/92.0.4484.0/Chromium Framework:x86_64+0xbeb5715)

  \#7 0x123abaf5e in base::RunLoop::Run(base::Location const&)+0x46e (/Users/raven/src/out/asan/Chromium.app/Contents/Frameworks/Chromium Framework.framework/Versions/92.0.4484.0/Chromium Framework:x86_64+0xbdf2f5e)

  \#8 0x12216b20e in blink::scheduler::WorkerThread::SimpleThreadImpl::Run()+0x2ce (/Users/raven/src/out/asan/Chromium.app/Contents/Frameworks/Chromium Framework.framework/Versions/92.0.4484.0/Chromium Framework:x86_64+0xa4a320e)

  \#9 0x123c4ebee in base::(anonymous namespace)::ThreadFunc(void*)+0xbe (/Users/raven/src/out/asan/Chromium.app/Contents/Frameworks/Chromium Framework.framework/Versions/92.0.4484.0/Chromium Framework:x86_64+0xbf86bee)

  \#10 0x7fff2056394f in _pthread_start+0xdf (/usr/lib/system/libsystem_pthread.dylib:x86_64+0x694f)

  \#11 0x7fff2055f47a in thread_start+0xe (/usr/lib/system/libsystem_pthread.dylib:x86_64+0x247a)



Address 0x7ef8e50630a8 is a wild pointer inside of access range of size 0x000000000008.

SUMMARY: AddressSanitizer: use-after-poison (/Users/raven/src/out/asan/Chromium.app/Contents/Frameworks/Chromium Framework.framework/Versions/92.0.4484.0/Chromium Framework:x86_64+0xa3f62e6) in blink::FrameOrWorkerScheduler::NotifyLifecycleObservers()+0x2a6

Shadow bytes around the buggy address:

 0x1fdf1ca0c5c0: **f7** **f7** **f7** **f7** **f7** **f7** **f7** **f7** **f7** **f7** **f7** **f7** **f7** **f7** **f7** **f7**

 0x1fdf1ca0c5d0: **f7** **f7** **f7** **f7** **f7** **f7** **f7** **f7** **f7** **f7** **f7** **f7** **f7** **f7** **f7** **f7**

 0x1fdf1ca0c5e0: **f7** **f7** **f7** **f7** **f7** **f7** **f7** **f7** **f7** **f7** **f7** **f7** **f7** **f7** **f7** **f7**

 0x1fdf1ca0c5f0: **f7** **f7** **f7** **f7** **f7** **f7** **f7** **f7** **f7** **f7** **f7** **f7** **f7** **f7** **f7** **f7**

 0x1fdf1ca0c600: **f7** **f7** **f7** **f7** **f7** **f7** **f7** **f7** **f7** **f7** **f7** **f7** **f7** **f7** **f7** **f7**

=>0x1fdf1ca0c610: **f7** **f7** **f7** **f7** **f7**[**f7**]**f7** **f7** **f7** **f7** **f7** **f7** **f7** **f7** **f7** **f7**

 0x1fdf1ca0c620: **f7** **f7** **f7** **f7** **f7** **f7** **f7** **f7** **f7** **f7** **f7** **f7** **f7** **f7** **f7** **f7**

 0x1fdf1ca0c630: **f7** **f7** **f7** **f7** **f7** **f7** **f7** **f7** **f7** **f7** **f7** **f7** **f7** **f7** **f7** **f7**

 0x1fdf1ca0c640: **f7** **f7** **f7** **f7** **f7** **f7** **f7** **f7** **f7** **f7** **f7** **f7** **f7** **f7** **f7** **f7**

 0x1fdf1ca0c650: **f7** **f7** **f7** **f7** **f7** **f7** **f7** **f7** **f7** **f7** **f7** **f7** **f7** **f7** **f7** **f7**

 0x1fdf1ca0c660: **f7** **f7** **f7** **f7** **f7** **f7** **f7** **f7** **f7** **f7** **f7** **f7** **f7** **f7** **f7** **f7**

Shadow byte legend (one shadow byte represents 8 application bytes):

 Addressable:      00

 Partially addressable: 01 02 03 04 05 06 07 

 Heap left redzone:    **fa**

 Freed heap region:    **fd**

 Stack left redzone:   **f1**

 Stack mid redzone:    **f2**

 Stack right redzone:   **f3**

 Stack after return:   **f5**

 Stack use after scope:  **f8**

 Global redzone:     **f9**

 Global init order:    **f6**

 Poisoned by user:    **f7**

 Container overflow:   **fc**

 Array cookie:      **ac**

 Intra object redzone:  **bb**

 ASan internal:      **fe**

 Left alloca redzone:   **ca**

 Right alloca redzone:  **cb**

 Shadow gap:       cc

Thread T25 created by T0 here:

  \#0 0x10f92c12c in __sanitizer_weak_hook_memcmp+0x24ebc (/Users/raven/src/out/asan/Chromium.app/Contents/Frameworks/Chromium Framework.framework/Versions/92.0.4484.0/Helpers/Chromium Helper (Renderer).app/Contents/MacOS/libclang_rt.asan_osx_dynamic.dylib:x86_64+0x3f12c)

  \#1 0x123c4df99 in base::(anonymous namespace)::CreateThread(unsigned long, bool, base::PlatformThread::Delegate*, base::PlatformThreadHandle*, base::ThreadPriority)+0x1e9 (/Users/raven/src/out/asan/Chromium.app/Contents/Frameworks/Chromium Framework.framework/Versions/92.0.4484.0/Chromium Framework:x86_64+0xbf85f99)

  \#2 0x123bd9dc7 in base::SimpleThread::StartAsync()+0x157 (/Users/raven/src/out/asan/Chromium.app/Contents/Frameworks/Chromium Framework.framework/Versions/92.0.4484.0/Chromium Framework:x86_64+0xbf11dc7)

  \#3 0x1220ca70f in blink::Thread::CreateThread(blink::ThreadCreationParams const&)+0x5f (/Users/raven/src/out/asan/Chromium.app/Contents/Frameworks/Chromium Framework.framework/Versions/92.0.4484.0/Chromium Framework:x86_64+0xa40270f)

  \#4 0x134181b6c in blink::WorkerBackingThread::WorkerBackingThread(blink::ThreadCreationParams const&)+0xdc (/Users/raven/src/out/asan/Chromium.app/Contents/Frameworks/Chromium Framework.framework/Versions/92.0.4484.0/Chromium Framework:x86_64+0x1c4b9b6c)

  \#5 0x134160b8a in blink::DedicatedWorkerThread::DedicatedWorkerThread(blink::ExecutionContext*, blink::DedicatedWorkerObjectProxy&, mojo::PendingRemote<blink::mojom::blink::DedicatedWorkerHost>)+0x20a (/Users/raven/src/out/asan/Chromium.app/Contents/Frameworks/Chromium Framework.framework/Versions/92.0.4484.0/Chromium Framework:x86_64+0x1c498b8a)

  \#6 0x134159f3a in blink::DedicatedWorkerMessagingProxy::CreateWorkerThread()+0x10a (/Users/raven/src/out/asan/Chromium.app/Contents/Frameworks/Chromium Framework.framework/Versions/92.0.4484.0/Chromium Framework:x86_64+0x1c491f3a)

  \#7 0x134177c71 in blink::ThreadedMessagingProxyBase::InitializeWorkerThread(std::__1::unique_ptr<blink::GlobalScopeCreationParams, std::__1::default_delete<blink::GlobalScopeCreationParams> >, base::Optional<blink::WorkerBackingThreadStartupData> const&, base::Optional<util::TokenType<blink::DedicatedWorkerTokenTypeMarker> const> const&)+0x1b1 (/Users/raven/src/out/asan/Chromium.app/Contents/Frameworks/Chromium Framework.framework/Versions/92.0.4484.0/Chromium Framework:x86_64+0x1c4afc71)

  \#8 0x134157932 in blink::DedicatedWorkerMessagingProxy::StartWorkerGlobalScope(std::__1::unique_ptr<blink::GlobalScopeCreationParams, std::__1::default_delete<blink::GlobalScopeCreationParams> >, std::__1::unique_ptr<blink::WorkerMainScriptLoadParameters, std::__1::default_delete<blink::WorkerMainScriptLoadParameters> >, blink::WorkerOptions const*, blink::KURL const&, blink::FetchClientSettingsObjectSnapshot const&, v8_inspector::V8StackTraceId const&, WTF::String const&, base::StrongAlias<blink::RejectCoepUnsafeNoneTag, bool>, util::TokenType<blink::DedicatedWorkerTokenTypeMarker> const&, mojo::PendingRemote<blink::mojom::blink::DedicatedWorkerHost>)+0x2d2 (/Users/raven/src/out/asan/Chromium.app/Contents/Frameworks/Chromium Framework.framework/Versions/92.0.4484.0/Chromium Framework:x86_64+0x1c48f932)

  \#9 0x134147dfc in blink::DedicatedWorker::OnHostCreated(mojo::PendingRemote<network::mojom::blink::URLLoaderFactory>, network::CrossOriginEmbedderPolicy const&)+0xddc (/Users/raven/src/out/asan/Chromium.app/Contents/Frameworks/Chromium Framework.framework/Versions/92.0.4484.0/Chromium Framework:x86_64+0x1c47fdfc)

  \#10 0x13414eb40 in base::internal::Invoker<base::internal::BindState<void (blink::DedicatedWorker::*)(mojo::PendingRemote<network::mojom::blink::URLLoaderFactory>, network::CrossOriginEmbedderPolicy const&), blink::WeakPersistent<blink::DedicatedWorker>, mojo::PendingRemote<network::mojom::blink::URLLoaderFactory> >, void (network::CrossOriginEmbedderPolicy const&)>::RunOnce(base::internal::BindStateBase*, network::CrossOriginEmbedderPolicy const&)+0x150 (/Users/raven/src/out/asan/Chromium.app/Contents/Frameworks/Chromium Framework.framework/Versions/92.0.4484.0/Chromium Framework:x86_64+0x1c486b40)

  \#11 0x11a6f7c02 in blink::mojom::DedicatedWorkerHostFactory_CreateWorkerHost_ForwardToCallback::Accept(mojo::Message*)+0x1b2 (/Users/raven/src/out/asan/Chromium.app/Contents/Frameworks/Chromium Framework.framework/Versions/92.0.4484.0/Chromium Framework:x86_64+0x2a2fc02)

  \#12 0x1252bf555 in mojo::InterfaceEndpointClient::HandleValidatedMessage(mojo::Message*)+0xa45 (/Users/raven/src/out/asan/Chromium.app/Contents/Frameworks/Chromium Framework.framework/Versions/92.0.4484.0/Chromium Framework:x86_64+0xd5f7555)

  \#13 0x1252cbd15 in mojo::MessageDispatcher::Accept(mojo::Message*)+0x365 (/Users/raven/src/out/asan/Chromium.app/Contents/Frameworks/Chromium Framework.framework/Versions/92.0.4484.0/Chromium Framework:x86_64+0xd603d15)

  \#14 0x1252d8026 in mojo::internal::MultiplexRouter::ProcessIncomingMessage(mojo::internal::MultiplexRouter::MessageWrapper*, mojo::internal::MultiplexRouter::ClientCallBehavior, base::SequencedTaskRunner*)+0x8b6 (/Users/raven/src/out/asan/Chromium.app/Contents/Frameworks/Chromium Framework.framework/Versions/92.0.4484.0/Chromium Framework:x86_64+0xd610026)

  \#15 0x1252d6613 in mojo::internal::MultiplexRouter::Accept(mojo::Message*)+0x2b3 (/Users/raven/src/out/asan/Chromium.app/Contents/Frameworks/Chromium Framework.framework/Versions/92.0.4484.0/Chromium Framework:x86_64+0xd60e613)

  \#16 0x1252cbd15 in mojo::MessageDispatcher::Accept(mojo::Message*)+0x365 (/Users/raven/src/out/asan/Chromium.app/Contents/Frameworks/Chromium Framework.framework/Versions/92.0.4484.0/Chromium Framework:x86_64+0xd603d15)

  \#17 0x1252b4444 in mojo::Connector::DispatchMessage(mojo::Message)+0x384 (/Users/raven/src/out/asan/Chromium.app/Contents/Frameworks/Chromium Framework.framework/Versions/92.0.4484.0/Chromium Framework:x86_64+0xd5ec444)

  \#18 0x1252b5f2e in mojo::Connector::ReadAllAvailableMessages()+0x26e (/Users/raven/src/out/asan/Chromium.app/Contents/Frameworks/Chromium Framework.framework/Versions/92.0.4484.0/Chromium Framework:x86_64+0xd5edf2e)

  \#19 0x12531e96e in mojo::SimpleWatcher::OnHandleReady(int, unsigned int, mojo::HandleSignalsState const&)+0x36e (/Users/raven/src/out/asan/Chromium.app/Contents/Frameworks/Chromium Framework.framework/Versions/92.0.4484.0/Chromium Framework:x86_64+0xd65696e)

  \#20 0x12531fa4a in base::internal::Invoker<base::internal::BindState<void (mojo::SimpleWatcher::*)(int, unsigned int, mojo::HandleSignalsState const&), base::WeakPtr<mojo::SimpleWatcher>, int, unsigned int, mojo::HandleSignalsState>, void ()>::RunOnce(base::internal::BindStateBase*)+0x21a (/Users/raven/src/out/asan/Chromium.app/Contents/Frameworks/Chromium Framework.framework/Versions/92.0.4484.0/Chromium Framework:x86_64+0xd657a4a)

  \#21 0x123b3e269 in base::TaskAnnotator::RunTask(char const*, base::PendingTask*)+0x3e9 (/Users/raven/src/out/asan/Chromium.app/Contents/Frameworks/Chromium Framework.framework/Versions/92.0.4484.0/Chromium Framework:x86_64+0xbe76269)

  \#22 0x123b7c4b2 in base::sequence_manager::internal::ThreadControllerWithMessagePumpImpl::DoWorkImpl(base::sequence_manager::LazyNow*)+0x502 (/Users/raven/src/out/asan/Chromium.app/Contents/Frameworks/Chromium Framework.framework/Versions/92.0.4484.0/Chromium Framework:x86_64+0xbeb44b2)

  \#23 0x123b7bc97 in base::sequence_manager::internal::ThreadControllerWithMessagePumpImpl::DoWork()+0x1f7 (/Users/raven/src/out/asan/Chromium.app/Contents/Frameworks/Chromium Framework.framework/Versions/92.0.4484.0/Chromium Framework:x86_64+0xbeb3c97)

  \#24 0x123c6b308 in invocation function for block in base::MessagePumpCFRunLoopBase::RunWorkSource(void*)+0xe8 (/Users/raven/src/out/asan/Chromium.app/Contents/Frameworks/Chromium Framework.framework/Versions/92.0.4484.0/Chromium Framework:x86_64+0xbfa3308)

  \#25 0x123c58189 in base::mac::CallWithEHFrame(void () block_pointer)+0x9 (/Users/raven/src/out/asan/Chromium.app/Contents/Frameworks/Chromium Framework.framework/Versions/92.0.4484.0/Chromium Framework:x86_64+0xbf90189)

  \#26 0x123c69ab5 in base::MessagePumpCFRunLoopBase::RunWorkSource(void*)+0x175 (/Users/raven/src/out/asan/Chromium.app/Contents/Frameworks/Chromium Framework.framework/Versions/92.0.4484.0/Chromium Framework:x86_64+0xbfa1ab5)

  \#27 0x7fff2065ba0b in __CFRUNLOOP_IS_CALLING_OUT_TO_A_SOURCE0_PERFORM_FUNCTION__+0x10 (/System/Library/Frameworks/CoreFoundation.framework/Versions/A/CoreFoundation:x86_64h+0x81a0b)

  \#28 0x7fff2065b973 in __CFRunLoopDoSource0+0xb3 (/System/Library/Frameworks/CoreFoundation.framework/Versions/A/CoreFoundation:x86_64h+0x81973)

  \#29 0x7fff2065b6ee in __CFRunLoopDoSources0+0xf7 (/System/Library/Frameworks/CoreFoundation.framework/Versions/A/CoreFoundation:x86_64h+0x816ee)

  \#30 0x7fff2065a120 in __CFRunLoopRun+0x379 (/System/Library/Frameworks/CoreFoundation.framework/Versions/A/CoreFoundation:x86_64h+0x80120)

  \#31 0x7fff206596cd in CFRunLoopRunSpecific+0x232 (/System/Library/Frameworks/CoreFoundation.framework/Versions/A/CoreFoundation:x86_64h+0x7f6cd)

  \#32 0x7fff213e6fa0 in -[NSRunLoop(NSRunLoop) runMode:beforeDate:]+0xd3 (/System/Library/Frameworks/Foundation.framework/Versions/C/Foundation:x86_64+0x5ffa0)

  \#33 0x123c6c6d0 in base::MessagePumpNSRunLoop::DoRun(base::MessagePump::Delegate*)+0x100 (/Users/raven/src/out/asan/Chromium.app/Contents/Frameworks/Chromium Framework.framework/Versions/92.0.4484.0/Chromium Framework:x86_64+0xbfa46d0)

  \#34 0x123c688d8 in base::MessagePumpCFRunLoopBase::Run(base::MessagePump::Delegate*)+0x208 (/Users/raven/src/out/asan/Chromium.app/Contents/Frameworks/Chromium Framework.framework/Versions/92.0.4484.0/Chromium Framework:x86_64+0xbfa08d8)

  \#35 0x123b7d715 in base::sequence_manager::internal::ThreadControllerWithMessagePumpImpl::Run(bool, base::TimeDelta)+0x2a5 (/Users/raven/src/out/asan/Chromium.app/Contents/Frameworks/Chromium Framework.framework/Versions/92.0.4484.0/Chromium Framework:x86_64+0xbeb5715)

  \#36 0x123abaf5e in base::RunLoop::Run(base::Location const&)+0x46e (/Users/raven/src/out/asan/Chromium.app/Contents/Frameworks/Chromium Framework.framework/Versions/92.0.4484.0/Chromium Framework:x86_64+0xbdf2f5e)

  \#37 0x1382dd770 in content::RendererMain(content::MainFunctionParams const&)+0x9e0 (/Users/raven/src/out/asan/Chromium.app/Contents/Frameworks/Chromium Framework.framework/Versions/92.0.4484.0/Chromium Framework:x86_64+0x20615770)

  \#38 0x12388f7ed in content::ContentMainRunnerImpl::Run(bool)+0x3fd (/Users/raven/src/out/asan/Chromium.app/Contents/Frameworks/Chromium Framework.framework/Versions/92.0.4484.0/Chromium Framework:x86_64+0xbbc77ed)

  \#39 0x12388cb36 in content::RunContentProcess(content::ContentMainParams const&, content::ContentMainRunner*)+0x15f6 (/Users/raven/src/out/asan/Chromium.app/Contents/Frameworks/Chromium Framework.framework/Versions/92.0.4484.0/Chromium Framework:x86_64+0xbbc4b36)

  \#40 0x12388d14c in content::ContentMain(content::ContentMainParams const&)+0x1c (/Users/raven/src/out/asan/Chromium.app/Contents/Frameworks/Chromium Framework.framework/Versions/92.0.4484.0/Chromium Framework:x86_64+0xbbc514c)

  \#41 0x117ccd3c5 in ChromeMain+0x225 (/Users/raven/src/out/asan/Chromium.app/Contents/Frameworks/Chromium Framework.framework/Versions/92.0.4484.0/Chromium Framework:x86_64+0x53c5)

  \#42 0x10f6fcb78 in main+0x2b8 (/Users/raven/src/out/asan/Chromium.app/Contents/Frameworks/Chromium Framework.framework/Versions/92.0.4484.0/Helpers/Chromium Helper (Renderer).app/Contents/MacOS/Chromium Helper (Renderer):x86_64+0x100002b78)

  \#43 0x7fff2057e620 in start+0x0 (/usr/lib/system/libdyld.dylib:x86_64+0x15620)



==71766==ABORTING

Received signal 6

 [0x000123c307f9]

 [0x0001239e09e3]

 [0x000123c3045b]

 [0x7fff205a7d7d]

 [0x000117bb5223]

 [0x7fff204b6720]

 [0x00010f951a26]

 [0x00010f951154]

 [0x00010f9386a4]

 [0x00010f937f7a]

 [0x00010f938b78]

 [0x0001220be2e7]

 [0x00012216927f]

 [0x000123b3e26a]

 [0x000123b7c4b3]

 [0x000123b7bc98]

 [0x000123a34194]

 [0x000123b7d716]

 [0x000123abaf5f]

 [0x00012216b20f]

 [0x000123c4ebef]

 [0x7fff20563950]

 [0x7fff2055f47b]

[end of stack trace]