=================================================================
==1==ERROR: AddressSanitizer: heap-use-after-free on address 0x6040000963f8 at pc 0x55bf218727de bp 0x7ffdc0484f70 sp 0x7ffdc0484f68
READ of size 8 at 0x6040000963f8 thread T0 (chrome)
    #0 0x55bf218727dd in operator bool ./../../base/memory/scoped_refptr.h:318:43
    #1 0x55bf218727dd in is_null ./../../base/functional/callback_internal.h:127:34
    #2 0x55bf218727dd in operator bool ./../../base/functional/callback_internal.h:128:44
    #3 0x55bf218727dd in operator bool ./../../base/functional/callback.h:109:45
    #4 0x55bf218727dd in content::NavigationState::RunCommitSameDocumentNavigationCallback(blink::mojom::CommitResult) ./../../content/renderer/navigation_state.cc:92:7
    #5 0x55bf216f6b75 in content::RenderFrameImpl::CommitSameDocumentNavigation(mojo::StructPtr<blink::mojom::CommonNavigationParams>, mojo::StructPtr<blink::mojom::CommitNavigationParams>, base::OnceCallback<void (blink::mojom::CommitResult)>) ./../../content/renderer/render_frame_impl.cc:3102:21
    #6 0x55befe74639b in content::mojom::FrameStubDispatch::AcceptWithResponder(content::mojom::Frame*, mojo::Message*, std::Cr::unique_ptr<mojo::MessageReceiverWithStatus, std::Cr::default_delete<mojo::MessageReceiverWithStatus>>) ./gen/content/common/frame.mojom.cc:2976:13
    #7 0x55bf0cd5c35f in mojo::InterfaceEndpointClient::HandleValidatedMessage(mojo::Message*) ./../../mojo/public/cpp/bindings/lib/interface_endpoint_client.cc:968:56
    #8 0x55bf0cd77942 in mojo::MessageDispatcher::Accept(mojo::Message*) ./../../mojo/public/cpp/bindings/lib/message_dispatcher.cc:43:19
    #9 0x55bf0cd61ff8 in mojo::InterfaceEndpointClient::HandleIncomingMessage(mojo::Message*) ./../../mojo/public/cpp/bindings/lib/interface_endpoint_client.cc:695:20
    #10 0x55bf0d5c3807 in IPC::(anonymous namespace)::ChannelAssociatedGroupController::AcceptOnEndpointThread(mojo::Message) ./../../ipc/ipc_mojo_bootstrap.cc:1069:24
    #11 0x55bf0d5b873d in Invoke<void (IPC::(anonymous namespace)::ChannelAssociatedGroupController::*)(mojo::Message), scoped_refptr<IPC::(anonymous namespace)::ChannelAssociatedGroupController>, mojo::Message> ./../../base/functional/bind_internal.h:770:12
    #12 0x55bf0d5b873d in MakeItSo<void (IPC::(anonymous namespace)::ChannelAssociatedGroupController::*)(mojo::Message), std::Cr::tuple<scoped_refptr<IPC::(anonymous namespace)::ChannelAssociatedGroupController>, mojo::Message> > ./../../base/functional/bind_internal.h:949:12
    #13 0x55bf0d5b873d in RunImpl<void (IPC::(anonymous namespace)::ChannelAssociatedGroupController::*)(mojo::Message), std::Cr::tuple<scoped_refptr<IPC::(anonymous namespace)::ChannelAssociatedGroupController>, mojo::Message>, 0UL, 1UL> ./../../base/functional/bind_internal.h:1044:12
    #14 0x55bf0d5b873d in base::internal::Invoker<base::internal::BindState<void (IPC::(anonymous namespace)::ChannelAssociatedGroupController::*)(mojo::Message), scoped_refptr<IPC::(anonymous namespace)::ChannelAssociatedGroupController>, mojo::Message>, void ()>::RunOnce(base::internal::BindStateBase*) ./../../base/functional/bind_internal.h:995:12
    #15 0x55bf0a983e32 in Run ./../../base/functional/callback.h:152:12
    #16 0x55bf0a983e32 in base::TaskAnnotator::RunTaskImpl(base::PendingTask&) ./../../base/task/common/task_annotator.cc:149:34
    #17 0x55bf0a9dadf3 in RunTask<(lambda at ../../base/task/sequence_manager/thread_controller_with_message_pump_impl.cc:475:11)> ./../../base/task/common/task_annotator.h:89:5
    #18 0x55bf0a9dadf3 in base::sequence_manager::internal::ThreadControllerWithMessagePumpImpl::DoWorkImpl(base::LazyNow*) ./../../base/task/sequence_manager/thread_controller_with_message_pump_impl.cc:473:23
    #19 0x55bf0a9d9bb5 in base::sequence_manager::internal::ThreadControllerWithMessagePumpImpl::DoWork() ./../../base/task/sequence_manager/thread_controller_with_message_pump_impl.cc:339:41
    #20 0x55bf0a9dc494 in non-virtual thunk to base::sequence_manager::internal::ThreadControllerWithMessagePumpImpl::DoWork() ./../../base/task/sequence_manager/thread_controller_with_message_pump_impl.cc:0:0
    #21 0x55bf0a86bab3 in base::MessagePumpDefault::Run(base::MessagePump::Delegate*) ./../../base/message_loop/message_pump_default.cc:48:55
    #22 0x55bf0a9dd159 in base::sequence_manager::internal::ThreadControllerWithMessagePumpImpl::Run(bool, base::TimeDelta) ./../../base/task/sequence_manager/thread_controller_with_message_pump_impl.cc:634:12
    #23 0x55bf0a90644f in base::RunLoop::Run(base::Location const&) ./../../base/run_loop.cc:140:14
    #24 0x55bf218ffe4e in content::RendererMain(content::MainFunctionParams) ./../../content/renderer/renderer_main.cc:336:16
    #25 0x55bf07ea8174 in content::RunZygote(content::ContentMainDelegate*) ./../../content/app/content_main_runner_impl.cc:709:14
    #26 0x55bf07ea9a80 in content::RunOtherNamedProcessTypeMain(std::Cr::basic_string<char, std::Cr::char_traits<char>, std::Cr::allocator<char>> const&, content::MainFunctionParams, content::ContentMainDelegate*) ./../../content/app/content_main_runner_impl.cc:794:12
    #27 0x55bf07eadfda in content::ContentMainRunnerImpl::Run() ./../../content/app/content_main_runner_impl.cc:1167:10
    #28 0x55bf07ea5fc5 in content::RunContentProcess(content::ContentMainParams, content::ContentMainRunner*) ./../../content/app/content_main.cc:326:36
    #29 0x55bf07ea6500 in content::ContentMain(content::ContentMainParams) ./../../content/app/content_main.cc:343:10
    #30 0x55bef973ec76 in ChromeMain ./../../chrome/app/chrome_main.cc:190:12
    #31 0x7fc560c29d8f in __libc_start_call_main ./csu/../sysdeps/nptl/libc_start_call_main.h:58:16

0x6040000963f8 is located 40 bytes inside of 48-byte region [0x6040000963d0,0x604000096400)
freed by thread T0 (chrome) here:
    #0 0x55bef973ca1d in operator delete(void*) _asan_rtl_:3
    #1 0x55bf2170f25f in content::RenderFrameImpl::DidFinishSameDocumentNavigation(blink::WebHistoryCommitType, bool, blink::mojom::SameDocumentNavigationType, bool) ./../../content/renderer/render_frame_impl.cc:3937:21
    #2 0x55bf17624718 in blink::LocalFrameClientImpl::DidFinishSameDocumentNavigation(blink::HistoryItem*, blink::WebHistoryCommitType, bool, blink::mojom::SameDocumentNavigationType, bool, bool) ./../../third_party/blink/renderer/core/frame/local_frame_client_impl.cc:408:27
    #3 0x55bf18d1adcd in blink::DocumentLoader::UpdateForSameDocumentNavigation(blink::KURL const&, blink::HistoryItem*, blink::mojom::SameDocumentNavigationType, scoped_refptr<blink::SerializedScriptValue>, blink::WebFrameLoadType, blink::SecurityOrigin const*, bool, bool, absl::optional<blink::scheduler::TaskAttributionId>) ./../../third_party/blink/renderer/core/loader/document_loader.cc:905:25
    #4 0x55bf18d1a084 in blink::DocumentLoader::RunURLAndHistoryUpdateSteps(blink::KURL const&, blink::HistoryItem*, blink::mojom::SameDocumentNavigationType, scoped_refptr<blink::SerializedScriptValue>, blink::WebFrameLoadType, bool, bool) ./../../third_party/blink/renderer/core/loader/document_loader.cc:806:3
    #5 0x55bf17322ccb in blink::History::StateObjectAdded(scoped_refptr<blink::SerializedScriptValue>, WTF::String const&, WTF::String const&, blink::WebFrameLoadType, blink::ScriptState*, blink::ExceptionState&) ./../../third_party/blink/renderer/core/frame/history.cc:373:33
    #6 0x55bf17324929 in blink::History::replaceState(blink::ScriptState*, blink::ScriptValue const&, WTF::String const&, WTF::String const&, blink::ExceptionState&) ./../../third_party/blink/renderer/core/frame/history.cc:299:3
    #7 0x55bf1b2a0f34 in blink::(anonymous namespace)::v8_history::ReplaceStateOperationCallback(v8::FunctionCallbackInfo<v8::Value> const&) ./gen/third_party/blink/renderer/bindings/core/v8/v8_history.cc:387:17
    #8 0x55befea441a2 in v8::internal::FunctionCallbackArguments::Call(v8::internal::CallHandlerInfo) ./../../v8/src/api/api-arguments-inl.h:146:3
    #9 0x55befea42043 in v8::internal::MaybeHandle<v8::internal::Object> v8::internal::(anonymous namespace)::HandleApiCallHelper<false>(v8::internal::Isolate*, v8::internal::Handle<v8::internal::HeapObject>, v8::internal::Handle<v8::internal::FunctionTemplateInfo>, v8::internal::Handle<v8::internal::Object>, unsigned long*, int) ./../../v8/src/builtins/builtins-api.cc:113:36
    #10 0x55befea40234 in v8::internal::Builtin_Impl_HandleApiCall(v8::internal::BuiltinArguments, v8::internal::Isolate*) ./../../v8/src/builtins/builtins-api.cc:148:5
    #11 0x55bf01a134b5 in Builtins_CEntry_Return1_ArgvOnStack_BuiltinExit setup-isolate-deserialize.cc:0:0
    #12 0x55bf01983e25 in Builtins_InterpreterEntryTrampoline setup-isolate-deserialize.cc:0:0
    #13 0x55bf0198205b in Builtins_JSEntryTrampoline setup-isolate-deserialize.cc:0:0
    #14 0x55bf01981d86 in Builtins_JSEntry setup-isolate-deserialize.cc:0:0
    #15 0x55befee1bb9c in Call ./../../v8/src/execution/simulator.h:154:12
    #16 0x55befee1bb9c in v8::internal::(anonymous namespace)::Invoke(v8::internal::Isolate*, v8::internal::(anonymous namespace)::InvokeParams const&) ./../../v8/src/execution/execution.cc:427:33
    #17 0x55befee1aba6 in v8::internal::Execution::Call(v8::internal::Isolate*, v8::internal::Handle<v8::internal::Object>, v8::internal::Handle<v8::internal::Object>, int, v8::internal::Handle<v8::internal::Object>*) ./../../v8/src/execution/execution.cc:529:10
    #18 0x55befe957809 in v8::Function::Call(v8::Local<v8::Context>, v8::Local<v8::Value>, int, v8::Local<v8::Value>*) ./../../v8/src/api/api.cc:5519:7
    #19 0x55bf16216ad8 in blink::V8ScriptRunner::CallFunction(v8::Local<v8::Function>, blink::ExecutionContext*, v8::Local<v8::Value>, int, v8::Local<v8::Value>*, v8::Isolate*) ./../../third_party/blink/renderer/bindings/core/v8/v8_script_runner.cc:752:17
    #20 0x55bf1af7ede7 in CallInternal ./../../third_party/blink/renderer/bindings/core/v8/callback_invoke_helper.cc:137:12
    #21 0x55bf1af7ede7 in blink::bindings::CallbackInvokeHelper<blink::CallbackFunctionBase, (blink::bindings::CallbackInvokeHelperMode)2, (blink::bindings::CallbackReturnTypeIsPromise)0>::Call(int, v8::Local<v8::Value>*) ./../../third_party/blink/renderer/bindings/core/v8/callback_invoke_helper.cc:159:10
    #22 0x55bf1af8deb2 in blink::V8EventHandlerNonNull::InvokeWithoutRunnabilityCheck(blink::bindings::V8ValueOrScriptWrappableAdapter, blink::HeapVector<blink::ScriptValue, 0u> const&) ./gen/third_party/blink/renderer/bindings/core/v8/v8_event_handler_non_null.cc:170:13
    #23 0x55bf1785a1c2 in blink::JSEventHandler::InvokeInternal(blink::EventTarget&, blink::Event&, v8::Local<v8::Value>) ./../../third_party/blink/renderer/bindings/core/v8/js_event_handler.cc:136:14
    #24 0x55bf16b573bb in blink::JSBasedEventListener::Invoke(blink::ExecutionContext*, blink::Event*) ./../../third_party/blink/renderer/bindings/core/v8/js_based_event_listener.cc:150:5
    #25 0x55bf16b4829b in blink::EventTarget::FireEventListeners(blink::Event&, blink::EventTargetData*, blink::HeapVector<blink::RegisteredEventListener, 1u>&) ./../../third_party/blink/renderer/core/dom/events/event_target.cc:903:15
    #26 0x55bf16b45ef4 in blink::EventTarget::FireEventListeners(blink::Event&) ./../../third_party/blink/renderer/core/dom/events/event_target.cc:815:29
    #27 0x55bf16b45ab2 in blink::EventTarget::DispatchEventInternal(blink::Event&) ./../../third_party/blink/renderer/core/dom/events/event_target.cc:722:41
    #28 0x55bf18ef91df in blink::NavigationApi::DispatchNavigateEvent(blink::NavigateEventDispatchParams*) ./../../third_party/blink/renderer/core/navigation_api/navigation_api.cc:827:3
    #29 0x55bf17322c38 in blink::History::StateObjectAdded(scoped_refptr<blink::SerializedScriptValue>, WTF::String const&, WTF::String const&, blink::WebFrameLoadType, blink::ScriptState*, blink::ExceptionState&) ./../../third_party/blink/renderer/core/frame/history.cc:368:29
    #30 0x55bf17324929 in blink::History::replaceState(blink::ScriptState*, blink::ScriptValue const&, WTF::String const&, WTF::String const&, blink::ExceptionState&) ./../../third_party/blink/renderer/core/frame/history.cc:299:3
    #31 0x55bf1b2a0f34 in blink::(anonymous namespace)::v8_history::ReplaceStateOperationCallback(v8::FunctionCallbackInfo<v8::Value> const&) ./gen/third_party/blink/renderer/bindings/core/v8/v8_history.cc:387:17

previously allocated by thread T0 (chrome) here:
    #0 0x55bef973c1bd in operator new(unsigned long) _asan_rtl_:3
    #1 0x55bf21872e28 in content::NavigationState::CreateForSameDocumentCommitFromBrowser(mojo::StructPtr<blink::mojom::CommonNavigationParams>, mojo::StructPtr<blink::mojom::CommitNavigationParams>, base::OnceCallback<void (blink::mojom::CommitResult)>) ./../../content/renderer/navigation_state.cc:53:7
    #2 0x55bf216f6492 in content::RenderFrameImpl::CommitSameDocumentNavigation(mojo::StructPtr<blink::mojom::CommonNavigationParams>, mojo::StructPtr<blink::mojom::CommitNavigationParams>, base::OnceCallback<void (blink::mojom::CommitResult)>) ./../../content/renderer/render_frame_impl.cc:3022:7
    #3 0x55befe74639b in content::mojom::FrameStubDispatch::AcceptWithResponder(content::mojom::Frame*, mojo::Message*, std::Cr::unique_ptr<mojo::MessageReceiverWithStatus, std::Cr::default_delete<mojo::MessageReceiverWithStatus>>) ./gen/content/common/frame.mojom.cc:2976:13
    #4 0x55bf0cd5c35f in mojo::InterfaceEndpointClient::HandleValidatedMessage(mojo::Message*) ./../../mojo/public/cpp/bindings/lib/interface_endpoint_client.cc:968:56
    #5 0x55bf0cd77942 in mojo::MessageDispatcher::Accept(mojo::Message*) ./../../mojo/public/cpp/bindings/lib/message_dispatcher.cc:43:19
    #6 0x55bf0cd61ff8 in mojo::InterfaceEndpointClient::HandleIncomingMessage(mojo::Message*) ./../../mojo/public/cpp/bindings/lib/interface_endpoint_client.cc:695:20
    #7 0x55bf0d5c3807 in IPC::(anonymous namespace)::ChannelAssociatedGroupController::AcceptOnEndpointThread(mojo::Message) ./../../ipc/ipc_mojo_bootstrap.cc:1069:24
    #8 0x55bf0d5b873d in Invoke<void (IPC::(anonymous namespace)::ChannelAssociatedGroupController::*)(mojo::Message), scoped_refptr<IPC::(anonymous namespace)::ChannelAssociatedGroupController>, mojo::Message> ./../../base/functional/bind_internal.h:770:12
    #9 0x55bf0d5b873d in MakeItSo<void (IPC::(anonymous namespace)::ChannelAssociatedGroupController::*)(mojo::Message), std::Cr::tuple<scoped_refptr<IPC::(anonymous namespace)::ChannelAssociatedGroupController>, mojo::Message> > ./../../base/functional/bind_internal.h:949:12
    #10 0x55bf0d5b873d in RunImpl<void (IPC::(anonymous namespace)::ChannelAssociatedGroupController::*)(mojo::Message), std::Cr::tuple<scoped_refptr<IPC::(anonymous namespace)::ChannelAssociatedGroupController>, mojo::Message>, 0UL, 1UL> ./../../base/functional/bind_internal.h:1044:12
    #11 0x55bf0d5b873d in base::internal::Invoker<base::internal::BindState<void (IPC::(anonymous namespace)::ChannelAssociatedGroupController::*)(mojo::Message), scoped_refptr<IPC::(anonymous namespace)::ChannelAssociatedGroupController>, mojo::Message>, void ()>::RunOnce(base::internal::BindStateBase*) ./../../base/functional/bind_internal.h:995:12
    #12 0x55bf0a983e32 in Run ./../../base/functional/callback.h:152:12
    #13 0x55bf0a983e32 in base::TaskAnnotator::RunTaskImpl(base::PendingTask&) ./../../base/task/common/task_annotator.cc:149:34
    #14 0x55bf0a9dadf3 in RunTask<(lambda at ../../base/task/sequence_manager/thread_controller_with_message_pump_impl.cc:475:11)> ./../../base/task/common/task_annotator.h:89:5
    #15 0x55bf0a9dadf3 in base::sequence_manager::internal::ThreadControllerWithMessagePumpImpl::DoWorkImpl(base::LazyNow*) ./../../base/task/sequence_manager/thread_controller_with_message_pump_impl.cc:473:23
    #16 0x55bf0a9d9bb5 in base::sequence_manager::internal::ThreadControllerWithMessagePumpImpl::DoWork() ./../../base/task/sequence_manager/thread_controller_with_message_pump_impl.cc:339:41
    #17 0x55bf0a9dc494 in non-virtual thunk to base::sequence_manager::internal::ThreadControllerWithMessagePumpImpl::DoWork() ./../../base/task/sequence_manager/thread_controller_with_message_pump_impl.cc:0:0
    #18 0x55bf0a86bab3 in base::MessagePumpDefault::Run(base::MessagePump::Delegate*) ./../../base/message_loop/message_pump_default.cc:48:55
    #19 0x55bf0a9dd159 in base::sequence_manager::internal::ThreadControllerWithMessagePumpImpl::Run(bool, base::TimeDelta) ./../../base/task/sequence_manager/thread_controller_with_message_pump_impl.cc:634:12
    #20 0x55bf0a90644f in base::RunLoop::Run(base::Location const&) ./../../base/run_loop.cc:140:14
    #21 0x55bf218ffe4e in content::RendererMain(content::MainFunctionParams) ./../../content/renderer/renderer_main.cc:336:16
    #22 0x55bf07ea8174 in content::RunZygote(content::ContentMainDelegate*) ./../../content/app/content_main_runner_impl.cc:709:14
    #23 0x55bf07ea9a80 in content::RunOtherNamedProcessTypeMain(std::Cr::basic_string<char, std::Cr::char_traits<char>, std::Cr::allocator<char>> const&, content::MainFunctionParams, content::ContentMainDelegate*) ./../../content/app/content_main_runner_impl.cc:794:12
    #24 0x55bf07eadfda in content::ContentMainRunnerImpl::Run() ./../../content/app/content_main_runner_impl.cc:1167:10
    #25 0x55bf07ea5fc5 in content::RunContentProcess(content::ContentMainParams, content::ContentMainRunner*) ./../../content/app/content_main.cc:326:36
    #26 0x55bf07ea6500 in content::ContentMain(content::ContentMainParams) ./../../content/app/content_main.cc:343:10
    #27 0x55bef973ec76 in ChromeMain ./../../chrome/app/chrome_main.cc:190:12
    #28 0x7fc560c29d8f in __libc_start_call_main ./csu/../sysdeps/nptl/libc_start_call_main.h:58:16

SUMMARY: AddressSanitizer: heap-use-after-free (/home/pwn11/asan-linux-release/chrome+0x3491b7dd) (BuildId: 69a8f881109d1d95)
Shadow bytes around the buggy address:
  0x604000096100: fa fa 00 00 00 00 00 00 fa fa 00 00 00 00 00 00
  0x604000096180: fa fa fd fd fd fd fd fd fa fa fd fd fd fd fd fd
  0x604000096200: fa fa fd fd fd fd fd fd fa fa fd fd fd fd fd fd
  0x604000096280: fa fa fd fd fd fd fd fd fa fa fd fd fd fd fd fd
  0x604000096300: fa fa fd fd fd fd fd fd fa fa fd fd fd fd fd fd
=>0x604000096380: fa fa fd fd fd fd fd fd fa fa fd fd fd fd fd[fd]
  0x604000096400: fa fa fd fd fd fd fd fd fa fa fd fd fd fd fd fd
  0x604000096480: fa fa fd fd fd fd fd fd fa fa fd fd fd fd fd fd
  0x604000096500: fa fa fd fd fd fd fd fd fa fa fd fd fd fd fd fd
  0x604000096580: fa fa fd fd fd fd fd fd fa fa 00 00 00 00 00 05
  0x604000096600: fa fa 00 00 00 00 00 00 fa fa 00 00 00 00 00 00
Shadow byte legend (one shadow byte represents 8 application bytes):
  Addressable:           00
  Partially addressable: 01 02 03 04 05 06 07
  Heap left redzone:       fa
  Freed heap region:       fd
  Stack left redzone:      f1
  Stack mid redzone:       f2
  Stack right redzone:     f3
  Stack after return:      f5
  Stack use after scope:   f8
  Global redzone:          f9
  Global init order:       f6
  Poisoned by user:        f7
  Container overflow:      fc
  Array cookie:            ac
  Intra object redzone:    bb
  ASan internal:           fe
  Left alloca redzone:     ca
  Right alloca redzone:    cb

==1==ADDITIONAL INFO

==1==Note: Please include this section with the ASan report.
Task trace:
    #0 0x55bf0d5b639d in IPC::(anonymous namespace)::ChannelAssociatedGroupController::Accept(mojo::Message*) ./../../ipc/ipc_mojo_bootstrap.cc:1011:13


==1==END OF ADDITIONAL INFO
==1==ABORTING
[0324/230714.613144:WARNING:exception_snapshot_linux.cc(349)] thread ID 1 not found in process
[0324/230714.613404:ERROR:process_snapshot_linux.cc(129)] thread not found 1
Received signal 6
    #0 0x55bef96b83f7 in backtrace /b/s/w/ir/cache/builder/src/third_party/llvm/compiler-rt/lib/asan/../sanitizer_common/sanitizer_common_interceptors.inc:4410:13
    #1 0x55bf0ab002d2 in base::debug::CollectStackTrace(void**, unsigned long) ./../../base/debug/stack_trace_posix.cc:979:7
    #2 0x55bf0aabd3c3 in StackTrace ./../../base/debug/stack_trace.cc:221:12
    #3 0x55bf0aabd3c3 in base::debug::StackTrace::StackTrace() ./../../base/debug/stack_trace.cc:218:28
    #4 0x55bf0aafec2a in base::debug::(anonymous namespace)::StackDumpSignalHandler(int, siginfo_t*, void*) ./../../base/debug/stack_trace_posix.cc:456:3
    #5 0x7fc560c42520 in __GI___sigaction :?
    #6 0x7fc560c96a7c in __pthread_kill_implementation ./nptl/pthread_kill.c:43:17
    #7 0x7fc560c96a7c in __pthread_kill_internal ./nptl/pthread_kill.c:78:10
    #8 0x7fc560c96a7c in pthread_kill ./nptl/pthread_kill.c:89:10
    #9 0x7fc560c42476 in gsignal ./signal/../sysdeps/posix/raise.c:26:13
    #10 0x7fc560c287f3 in abort ./stdlib/abort.c:79:7
    #11 0x55bef9728077 in __sanitizer::Abort() /b/s/w/ir/cache/builder/src/third_party/llvm/compiler-rt/lib/sanitizer_common/sanitizer_posix_libcdep.cpp:143:3
    #12 0x55bef9726941 in __sanitizer::Die() /b/s/w/ir/cache/builder/src/third_party/llvm/compiler-rt/lib/sanitizer_common/sanitizer_termination.cpp:58:5
    #13 0x55bef97101da in __asan::ScopedInErrorReport::~ScopedInErrorReport() _asan_rtl_:7
    #14 0x55bef971307d in __asan::ReportGenericError(unsigned long, unsigned long, unsigned long, unsigned long, bool, unsigned long, unsigned int, bool) _asan_rtl_:1
    #15 0x55bef9713d08 in __asan_report_load8 _asan_rtl_:1
    #16 0x55bf218727de in operator bool ./../../base/memory/scoped_refptr.h:318:43
    #17 0x55bf218727de in is_null ./../../base/functional/callback_internal.h:127:34
    #18 0x55bf218727de in operator bool ./../../base/functional/callback_internal.h:128:44
    #19 0x55bf218727de in operator bool ./../../base/functional/callback.h:109:45
    #20 0x55bf218727de in content::NavigationState::RunCommitSameDocumentNavigationCallback(blink::mojom::CommitResult) ./../../content/renderer/navigation_state.cc:92:7
    #21 0x55bf216f6b76 in content::RenderFrameImpl::CommitSameDocumentNavigation(mojo::StructPtr<blink::mojom::CommonNavigationParams>, mojo::StructPtr<blink::mojom::CommitNavigationParams>, base::OnceCallback<void (blink::mojom::CommitResult)>) ./../../content/renderer/render_frame_impl.cc:3102:21
    #22 0x55befe74639c in content::mojom::FrameStubDispatch::AcceptWithResponder(content::mojom::Frame*, mojo::Message*, std::Cr::unique_ptr<mojo::MessageReceiverWithStatus, std::Cr::default_delete<mojo::MessageReceiverWithStatus>>) ./gen/content/common/frame.mojom.cc:2976:13
    #23 0x55bf0cd5c360 in mojo::InterfaceEndpointClient::HandleValidatedMessage(mojo::Message*) ./../../mojo/public/cpp/bindings/lib/interface_endpoint_client.cc:968:56
    #24 0x55bf0cd77943 in mojo::MessageDispatcher::Accept(mojo::Message*) ./../../mojo/public/cpp/bindings/lib/message_dispatcher.cc:43:19
    #25 0x55bf0cd61ff9 in mojo::InterfaceEndpointClient::HandleIncomingMessage(mojo::Message*) ./../../mojo/public/cpp/bindings/lib/interface_endpoint_client.cc:695:20
    #26 0x55bf0d5c3808 in IPC::(anonymous namespace)::ChannelAssociatedGroupController::AcceptOnEndpointThread(mojo::Message) ./../../ipc/ipc_mojo_bootstrap.cc:1069:24
    #27 0x55bf0d5b873e in Invoke<void (IPC::(anonymous namespace)::ChannelAssociatedGroupController::*)(mojo::Message), scoped_refptr<IPC::(anonymous namespace)::ChannelAssociatedGroupController>, mojo::Message> ./../../base/functional/bind_internal.h:770:12
    #28 0x55bf0d5b873e in MakeItSo<void (IPC::(anonymous namespace)::ChannelAssociatedGroupController::*)(mojo::Message), std::Cr::tuple<scoped_refptr<IPC::(anonymous namespace)::ChannelAssociatedGroupController>, mojo::Message> > ./../../base/functional/bind_internal.h:949:12
    #29 0x55bf0d5b873e in RunImpl<void (IPC::(anonymous namespace)::ChannelAssociatedGroupController::*)(mojo::Message), std::Cr::tuple<scoped_refptr<IPC::(anonymous namespace)::ChannelAssociatedGroupController>, mojo::Message>, 0UL, 1UL> ./../../base/functional/bind_internal.h:1044:12
    #30 0x55bf0d5b873e in base::internal::Invoker<base::internal::BindState<void (IPC::(anonymous namespace)::ChannelAssociatedGroupController::*)(mojo::Message), scoped_refptr<IPC::(anonymous namespace)::ChannelAssociatedGroupController>, mojo::Message>, void ()>::RunOnce(base::internal::BindStateBase*) ./../../base/functional/bind_internal.h:995:12
    #31 0x55bf0a983e33 in Run ./../../base/functional/callback.h:152:12
    #32 0x55bf0a983e33 in base::TaskAnnotator::RunTaskImpl(base::PendingTask&) ./../../base/task/common/task_annotator.cc:149:34
    #33 0x55bf0a9dadf4 in RunTask<(lambda at ../../base/task/sequence_manager/thread_controller_with_message_pump_impl.cc:475:11)> ./../../base/task/common/task_annotator.h:89:5
    #34 0x55bf0a9dadf4 in base::sequence_manager::internal::ThreadControllerWithMessagePumpImpl::DoWorkImpl(base::LazyNow*) ./../../base/task/sequence_manager/thread_controller_with_message_pump_impl.cc:473:23
    #35 0x55bf0a9d9bb6 in base::sequence_manager::internal::ThreadControllerWithMessagePumpImpl::DoWork() ./../../base/task/sequence_manager/thread_controller_with_message_pump_impl.cc:339:41
    #36 0x55bf0a9dc495 in non-virtual thunk to base::sequence_manager::internal::ThreadControllerWithMessagePumpImpl::DoWork() ./../../base/task/sequence_manager/thread_controller_with_message_pump_impl.cc:0:0
    #37 0x55bf0a86bab4 in base::MessagePumpDefault::Run(base::MessagePump::Delegate*) ./../../base/message_loop/message_pump_default.cc:48:55
    #38 0x55bf0a9dd15a in base::sequence_manager::internal::ThreadControllerWithMessagePumpImpl::Run(bool, base::TimeDelta) ./../../base/task/sequence_manager/thread_controller_with_message_pump_impl.cc:634:12
    #39 0x55bf0a906450 in base::RunLoop::Run(base::Location const&) ./../../base/run_loop.cc:140:14
    #40 0x55bf218ffe4f in content::RendererMain(content::MainFunctionParams) ./../../content/renderer/renderer_main.cc:336:16
    #41 0x55bf07ea8175 in content::RunZygote(content::ContentMainDelegate*) ./../../content/app/content_main_runner_impl.cc:709:14
    #42 0x55bf07ea9a81 in content::RunOtherNamedProcessTypeMain(std::Cr::basic_string<char, std::Cr::char_traits<char>, std::Cr::allocator<char>> const&, content::MainFunctionParams, content::ContentMainDelegate*) ./../../content/app/content_main_runner_impl.cc:794:12
    #43 0x55bf07eadfdb in content::ContentMainRunnerImpl::Run() ./../../content/app/content_main_runner_impl.cc:1167:10
    #44 0x55bf07ea5fc6 in content::RunContentProcess(content::ContentMainParams, content::ContentMainRunner*) ./../../content/app/content_main.cc:326:36
    #45 0x55bf07ea6501 in content::ContentMain(content::ContentMainParams) ./../../content/app/content_main.cc:343:10
    #46 0x55bef973ec77 in ChromeMain ./../../chrome/app/chrome_main.cc:190:12
    #47 0x7fc560c29d90 in __libc_start_call_main ./csu/../sysdeps/nptl/libc_start_call_main.h:58:16
    #48 0x7fc560c29e40 in __libc_start_main ./csu/../csu/libc-start.c:392:3
    #49 0x55bef967502a in _start ??:0:0
  r8: 00007ffdc0484090  r9: 0000000000000000 r10: 0000000000000008 r11: 0000000000000246
 r12: 0000000000000006 r13: 0000000000000016 r14: 000055bf262e1248 r15: 10000000000fffff
  di: 0000000000000001  si: 0000000000000001  bp: 0000000000000001  bx: 00007fc55fd4d100
  dx: 0000000000000006  ax: 0000000000000000  cx: 00007fc560c96a7c  sp: 00007ffdc0483fc0
  ip: 00007fc560c96a7c efl: 0000000000000246 cgf: 002b000000000033 erf: 0000000000000000
 trp: 0000000000000000 msk: 0000000000000000 cr2: 0000000000000000
[end of stack trace]
../../sandbox/linux/seccomp-bpf-helpers/sigsys_handlers.cc:**CRASHING**:seccomp-bpf failure in syscall 0037
Received signal 11 SEGV_MAPERR 00000f005025
    #0 0x55bef96b83f7 in backtrace /b/s/w/ir/cache/builder/src/third_party/llvm/compiler-rt/lib/asan/../sanitizer_common/sanitizer_common_interceptors.inc:4410:13
    #1 0x55bf0ab002d2 in base::debug::CollectStackTrace(void**, unsigned long) ./../../base/debug/stack_trace_posix.cc:979:7
    #2 0x55bf0aabd3c3 in StackTrace ./../../base/debug/stack_trace.cc:221:12
    #3 0x55bf0aabd3c3 in base::debug::StackTrace::StackTrace() ./../../base/debug/stack_trace.cc:218:28
    #4 0x55bf0aafec2a in base::debug::(anonymous namespace)::StackDumpSignalHandler(int, siginfo_t*, void*) ./../../base/debug/stack_trace_posix.cc:456:3
    #5 0x7fc560c42520 in __GI___sigaction :?
    #6 0x55bf1103ebb4 in sandbox::CrashSIGSYS_Handler(arch_seccomp_data const&, void*) ./../../sandbox/linux/seccomp-bpf-helpers/sigsys_handlers.cc:217:9
    #7 0x55bf11048f76 in sandbox::Trap::SigSys(int, siginfo_t*, ucontext_t*) ./../../sandbox/linux/seccomp-bpf/trap.cc:251:10
    #8 0x7fc560c42520 in __GI___sigaction :?
    #9 0x7fc560cea5bb in alarm ./posix/../sysdeps/unix/syscall-template.S:120:0
    #10 0x55bf0aaffa22 in base::debug::(anonymous namespace)::StackDumpSignalHandler(int, siginfo_t*, void*) ./../../base/debug/stack_trace_posix.cc:564:3
    #11 0x7fc560c42520 in __GI___sigaction :?
    #12 0x7fc560c96a7c in __pthread_kill_implementation ./nptl/pthread_kill.c:43:17
    #13 0x7fc560c96a7c in __pthread_kill_internal ./nptl/pthread_kill.c:78:10
    #14 0x7fc560c96a7c in pthread_kill ./nptl/pthread_kill.c:89:10
    #15 0x7fc560c42476 in gsignal ./signal/../sysdeps/posix/raise.c:26:13
    #16 0x7fc560c287f3 in abort ./stdlib/abort.c:79:7
    #17 0x55bef9728077 in __sanitizer::Abort() /b/s/w/ir/cache/builder/src/third_party/llvm/compiler-rt/lib/sanitizer_common/sanitizer_posix_libcdep.cpp:143:3
    #18 0x55bef9726941 in __sanitizer::Die() /b/s/w/ir/cache/builder/src/third_party/llvm/compiler-rt/lib/sanitizer_common/sanitizer_termination.cpp:58:5
    #19 0x55bef97101da in __asan::ScopedInErrorReport::~ScopedInErrorReport() _asan_rtl_:7
    #20 0x55bef971307d in __asan::ReportGenericError(unsigned long, unsigned long, unsigned long, unsigned long, bool, unsigned long, unsigned int, bool) _asan_rtl_:1
    #21 0x55bef9713d08 in __asan_report_load8 _asan_rtl_:1
    #22 0x55bf218727de in operator bool ./../../base/memory/scoped_refptr.h:318:43
    #23 0x55bf218727de in is_null ./../../base/functional/callback_internal.h:127:34
    #24 0x55bf218727de in operator bool ./../../base/functional/callback_internal.h:128:44
    #25 0x55bf218727de in operator bool ./../../base/functional/callback.h:109:45
    #26 0x55bf218727de in content::NavigationState::RunCommitSameDocumentNavigationCallback(blink::mojom::CommitResult) ./../../content/renderer/navigation_state.cc:92:7
    #27 0x55bf216f6b76 in content::RenderFrameImpl::CommitSameDocumentNavigation(mojo::StructPtr<blink::mojom::CommonNavigationParams>, mojo::StructPtr<blink::mojom::CommitNavigationParams>, base::OnceCallback<void (blink::mojom::CommitResult)>) ./../../content/renderer/render_frame_impl.cc:3102:21
    #28 0x55befe74639c in content::mojom::FrameStubDispatch::AcceptWithResponder(content::mojom::Frame*, mojo::Message*, std::Cr::unique_ptr<mojo::MessageReceiverWithStatus, std::Cr::default_delete<mojo::MessageReceiverWithStatus>>) ./gen/content/common/frame.mojom.cc:2976:13
    #29 0x55bf0cd5c360 in mojo::InterfaceEndpointClient::HandleValidatedMessage(mojo::Message*) ./../../mojo/public/cpp/bindings/lib/interface_endpoint_client.cc:968:56
    #30 0x55bf0cd77943 in mojo::MessageDispatcher::Accept(mojo::Message*) ./../../mojo/public/cpp/bindings/lib/message_dispatcher.cc:43:19
    #31 0x55bf0cd61ff9 in mojo::InterfaceEndpointClient::HandleIncomingMessage(mojo::Message*) ./../../mojo/public/cpp/bindings/lib/interface_endpoint_client.cc:695:20
    #32 0x55bf0d5c3808 in IPC::(anonymous namespace)::ChannelAssociatedGroupController::AcceptOnEndpointThread(mojo::Message) ./../../ipc/ipc_mojo_bootstrap.cc:1069:24
    #33 0x55bf0d5b873e in Invoke<void (IPC::(anonymous namespace)::ChannelAssociatedGroupController::*)(mojo::Message), scoped_refptr<IPC::(anonymous namespace)::ChannelAssociatedGroupController>, mojo::Message> ./../../base/functional/bind_internal.h:770:12
    #34 0x55bf0d5b873e in MakeItSo<void (IPC::(anonymous namespace)::ChannelAssociatedGroupController::*)(mojo::Message), std::Cr::tuple<scoped_refptr<IPC::(anonymous namespace)::ChannelAssociatedGroupController>, mojo::Message> > ./../../base/functional/bind_internal.h:949:12
    #35 0x55bf0d5b873e in RunImpl<void (IPC::(anonymous namespace)::ChannelAssociatedGroupController::*)(mojo::Message), std::Cr::tuple<scoped_refptr<IPC::(anonymous namespace)::ChannelAssociatedGroupController>, mojo::Message>, 0UL, 1UL> ./../../base/functional/bind_internal.h:1044:12
    #36 0x55bf0d5b873e in base::internal::Invoker<base::internal::BindState<void (IPC::(anonymous namespace)::ChannelAssociatedGroupController::*)(mojo::Message), scoped_refptr<IPC::(anonymous namespace)::ChannelAssociatedGroupController>, mojo::Message>, void ()>::RunOnce(base::internal::BindStateBase*) ./../../base/functional/bind_internal.h:995:12
    #37 0x55bf0a983e33 in Run ./../../base/functional/callback.h:152:12
    #38 0x55bf0a983e33 in base::TaskAnnotator::RunTaskImpl(base::PendingTask&) ./../../base/task/common/task_annotator.cc:149:34
    #39 0x55bf0a9dadf4 in RunTask<(lambda at ../../base/task/sequence_manager/thread_controller_with_message_pump_impl.cc:475:11)> ./../../base/task/common/task_annotator.h:89:5
    #40 0x55bf0a9dadf4 in base::sequence_manager::internal::ThreadControllerWithMessagePumpImpl::DoWorkImpl(base::LazyNow*) ./../../base/task/sequence_manager/thread_controller_with_message_pump_impl.cc:473:23
    #41 0x55bf0a9d9bb6 in base::sequence_manager::internal::ThreadControllerWithMessagePumpImpl::DoWork() ./../../base/task/sequence_manager/thread_controller_with_message_pump_impl.cc:339:41
    #42 0x55bf0a9dc495 in non-virtual thunk to base::sequence_manager::internal::ThreadControllerWithMessagePumpImpl::DoWork() ./../../base/task/sequence_manager/thread_controller_with_message_pump_impl.cc:0:0
    #43 0x55bf0a86bab4 in base::MessagePumpDefault::Run(base::MessagePump::Delegate*) ./../../base/message_loop/message_pump_default.cc:48:55
    #44 0x55bf0a9dd15a in base::sequence_manager::internal::ThreadControllerWithMessagePumpImpl::Run(bool, base::TimeDelta) ./../../base/task/sequence_manager/thread_controller_with_message_pump_impl.cc:634:12
    #45 0x55bf0a906450 in base::RunLoop::Run(base::Location const&) ./../../base/run_loop.cc:140:14
    #46 0x55bf218ffe4f in content::RendererMain(content::MainFunctionParams) ./../../content/renderer/renderer_main.cc:336:16
    #47 0x55bf07ea8175 in content::RunZygote(content::ContentMainDelegate*) ./../../content/app/content_main_runner_impl.cc:709:14
    #48 0x55bf07ea9a81 in content::RunOtherNamedProcessTypeMain(std::Cr::basic_string<char, std::Cr::char_traits<char>, std::Cr::allocator<char>> const&, content::MainFunctionParams, content::ContentMainDelegate*) ./../../content/app/content_main_runner_impl.cc:794:12
    #49 0x55bf07eadfdb in content::ContentMainRunnerImpl::Run() ./../../content/app/content_main_runner_impl.cc:1167:10
    #50 0x55bf07ea5fc6 in content::RunContentProcess(content::ContentMainParams, content::ContentMainRunner*) ./../../content/app/content_main.cc:326:36
    #51 0x55bf07ea6501 in content::ContentMain(content::ContentMainParams) ./../../content/app/content_main.cc:343:10
    #52 0x55bef973ec77 in ChromeMain ./../../chrome/app/chrome_main.cc:190:12
    #53 0x7fc560c29d90 in __libc_start_call_main ./csu/../sysdeps/nptl/libc_start_call_main.h:58:16
    #54 0x7fc560c29e40 in __libc_start_main ./csu/../csu/libc-start.c:392:3
    #55 0x55bef967502a in _start ??:0:0
  r8: ffffffffffffffff  r9: 0000000000000000 r10: 00007fffffffffff r11: 0000000000000000
 r12: 00007ffdc0483410 r13: 00000fffb8090696 r14: 00007fc55e2854e0 r15: 00000ff92bc48a80
  di: 000000000f005025  si: 00000000000000f5  bp: 00007ffdc0483290  bx: 0000000000000025
  dx: 0000000000000040  ax: 0000000000000000  cx: 00000000c04837f0  sp: 00007ffdc0483280
  ip: 000055bf1103ebb4 efl: 0000000000010246 cgf: 002b000000000033 erf: 0000000000000006
 trp: 000000000000000e msk: 0000000000000020 cr2: 000000000f005025
[end of stack trace]
../../sandbox/linux/seccomp-bpf-helpers/sigsys_handlers.cc:**CRASHING**:seccomp-bpf failure in syscall 0037