[bad_optional_access.cc : 39] RAW: Bad optional access
Received signal 6
    #0 0x55b223acdbcb in backtrace /b/s/w/ir/cache/builder/src/third_party/llvm/compiler-rt/lib/asan/../sanitizer_common/sanitizer_common_interceptors.inc:4404:13
    #1 0x55b235357aa2 in base::debug::CollectStackTrace(void**, unsigned long) ./../../base/debug/stack_trace_posix.cc:875:39
    #2 0x55b23507c40d in StackTrace ./../../base/debug/stack_trace.cc:221:12
    #3 0x55b23507c40d in base::debug::StackTrace::StackTrace() ./../../base/debug/stack_trace.cc:218:28
    #4 0x55b235356344 in base::debug::(anonymous namespace)::StackDumpSignalHandler(int, siginfo_t*, void*) ./../../base/debug/stack_trace_posix.cc:372:3
    #5 0x7f289e32c420 in __funlockfile :?
    #6 0x7f289d3b300b in __libc_signal_restore_set /build/glibc-SzIz7B/glibc-2.31/signal/../sysdeps/unix/sysv/linux/internal-signals.h:86:3
    #7 0x7f289d3b300b in raise /build/glibc-SzIz7B/glibc-2.31/signal/../sysdeps/unix/sysv/linux/raise.c:48:3
    #8 0x7f289d392859 in abort /build/glibc-SzIz7B/glibc-2.31/stdlib/abort.c:79:7
    #9 0x55b223b567dd in RawLogVA ./../../third_party/abseil-cpp/absl/base/internal/raw_logging.cc:184:5
    #10 0x55b223b567dd in absl::raw_logging_internal::RawLog(absl::LogSeverity, char const*, int, char const*, ...) ./../../third_party/abseil-cpp/absl/base/internal/raw_logging.cc:221:3
    #11 0x55b223b57026 in absl::optional_internal::throw_bad_optional_access() ./../../third_party/abseil-cpp/absl/types/bad_optional_access.cc:39:3
    #12 0x55b23c572153 in ash::ShelfView::GetDragRange(unsigned long) ./../../ash/shelf/shelf_view.cc:0:0
    #13 0x55b23c57141d in ash::ShelfView::MoveDragViewTo(int) ./../../ash/shelf/shelf_view.cc:1590:43
    #14 0x55b23c56e664 in ash::ShelfView::ContinueDrag(ui::LocatedEvent const&) ./../../ash/shelf/shelf_view.cc:1567:3
    #15 0x55b23c56b529 in ash::ShelfView::Drag(gfx::Point const&, gfx::Rect const&) ./../../ash/shelf/shelf_view.cc:1228:3
    #16 0x55b23c56a1aa in ash::ShelfView::StartDrag(std::Cr::basic_string<char, std::Cr::char_traits<char>, std::Cr::allocator<char>> const&, gfx::Point const&, gfx::Rect const&) ./../../ash/shelf/shelf_view.cc:1208:3
    #17 0x55b22888ace8 in ash::AppsGridView::OnHostDragStartTimerFired() ./../../ash/app_list/views/apps_grid_view.cc:3212:28
    #18 0x55b23530fa3b in Run ./../../base/callback.h:143:12
    #19 0x55b23530fa3b in base::OneShotTimer::RunUserTask() ./../../base/timer/timer.cc:277:19
    #20 0x55b23524055c in Run ./../../base/callback.h:143:12
    #21 0x55b23524055c in base::TaskAnnotator::RunTaskImpl(base::PendingTask&) ./../../base/task/common/task_annotator.cc:135:32
    #22 0x55b23528e8df in RunTask<(lambda at ../../base/task/sequence_manager/thread_controller_with_message_pump_impl.cc:408:29)> ./../../base/task/common/task_annotator.h:74:5
    #23 0x55b23528e8df in base::sequence_manager::internal::ThreadControllerWithMessagePumpImpl::DoWorkImpl(base::sequence_manager::LazyNow*) ./../../base/task/sequence_manager/thread_controller_with_message_pump_impl.cc:406:21
    #24 0x55b23528da67 in base::sequence_manager::internal::ThreadControllerWithMessagePumpImpl::DoWork() ./../../base/task/sequence_manager/thread_controller_with_message_pump_impl.cc:284:41
    #25 0x55b23528f92c in non-virtual thunk to base::sequence_manager::internal::ThreadControllerWithMessagePumpImpl::DoWork() ./../../base/task/sequence_manager/thread_controller_with_message_pump_impl.cc:0:0
    #26 0x55b2353d1c66 in base::MessagePumpLibevent::Run(base::MessagePump::Delegate*) ./../../base/message_loop/message_pump_libevent.cc:198:55
    #27 0x55b235290392 in base::sequence_manager::internal::ThreadControllerWithMessagePumpImpl::Run(bool, base::TimeDelta) ./../../base/task/sequence_manager/thread_controller_with_message_pump_impl.cc:551:12
    #28 0x55b23518f927 in base::RunLoop::Run(base::Location const&) ./../../base/run_loop.cc:141:14
    #29 0x55b229c09582 in content::BrowserMainLoop::RunMainMessageLoop() ./../../content/browser/browser_main_loop.cc:1036:18
    #30 0x55b229c0e9c3 in content::BrowserMainRunnerImpl::Run() ./../../content/browser/browser_main_runner_impl.cc:157:15
    #31 0x55b229c02769 in content::BrowserMain(content::MainFunctionParams) ./../../content/browser/browser_main.cc:30:28
    #32 0x55b234ee1efb in content::RunBrowserProcessMain(content::MainFunctionParams, content::ContentMainDelegate*) ./../../content/app/content_main_runner_impl.cc:678:10
    #33 0x55b234ee547f in content::ContentMainRunnerImpl::RunBrowser(content::MainFunctionParams, bool) ./../../content/app/content_main_runner_impl.cc:1189:10
    #34 0x55b234ee4635 in content::ContentMainRunnerImpl::Run() ./../../content/app/content_main_runner_impl.cc:1061:12
    #35 0x55b234edd924 in content::RunContentProcess(content::ContentMainParams, content::ContentMainRunner*) ./../../content/app/content_main.cc:407:36
    #36 0x55b234ede00e in content::ContentMain(content::ContentMainParams) ./../../content/app/content_main.cc:435:10
    #37 0x55b223b48178 in ChromeMain ./../../chrome/app/chrome_main.cc:182:12
    #38 0x7f289d394083 in __libc_start_main /build/glibc-SzIz7B/glibc-2.31/csu/../csu/libc-start.c:308:16
    #39 0x55b223a9202a in _start ??:0:0
  r8: 0000000000000000  r9: 00007ffd51ece770 r10: 0000000000000008 r11: 0000000000000246
 r12: 00007f289a92a020 r13: 00007f289a92a000 r14: 00007f289a92abd8 r15: 000055b223b56bd8
  di: 0000000000000002  si: 00007ffd51ece770  bp: 00007ffd51eceb30  bx: 00007f289c973140
  dx: 0000000000000000  ax: 0000000000000000  cx: 00007f289d3b300b  sp: 00007ffd51ece770
  ip: 00007f289d3b300b efl: 0000000000000246 cgf: 002b000000000033 erf: 0000000000000000
 trp: 0000000000000000 msk: 0000000000000000 cr2: 0000000000000000
[end of stack trace]

