Warning: disabling flag --expose_wasm due to conflicting flags
=================================================================
==1==ERROR: AddressSanitizer: heap-use-after-free on address 0x6060000d3580 at pc 0x55bbfeebc99f bp 0x7ffe8dbffff0 sp 0x7ffe8dbfffe8
READ of size 8 at 0x6060000d3580 thread T0 (chrome)
==1==WARNING: invalid path to external symbolizer!
==1==WARNING: Failed to use and restart external symbolizer!
    #0 0x55bbfeebc99e in CPDF_FormField::ResetField() ./../../third_party/pdfium/core/fpdfdoc/cpdf_formfield.cpp:202:46
    #1 0x55bbfeee76b7 in CPDF_InteractiveForm::ResetForm(pdfium::span<CPDF_FormField*>, bool) ./../../third_party/pdfium/core/fpdfdoc/cpdf_interactiveform.cpp:737:15
    #2 0x55bbff06dec9 in CJS_Document::resetForm(CJS_Runtime*, std::Cr::vector<v8::Local<v8::Value>, std::Cr::allocator<v8::Local<v8::Value>>> const&) ./../../third_party/pdfium/fxjs/cjs_document.cpp:548:15
    #3 0x55bbff092fd3 in void JSMethod<CJS_Document, &CJS_Document::resetForm(CJS_Runtime*, std::Cr::vector<v8::Local<v8::Value>, std::Cr::allocator<v8::Local<v8::Value>>> const&)>(char const*, char const*, v8::FunctionCallbackInfo<v8::Value> const&) ./../../third_party/pdfium/fxjs/js_define.h:128:23
    #4 0x55bbf9c55c71 in v8::internal::FunctionCallbackArguments::Call(v8::internal::CallHandlerInfo) ./../../v8/src/api/api-arguments-inl.h:146:3
    #5 0x55bbf9c539c8 in v8::internal::MaybeHandle<v8::internal::Object> v8::internal::(anonymous namespace)::HandleApiCallHelper<false>(v8::internal::Isolate*, v8::internal::Handle<v8::internal::HeapObject>, v8::internal::Handle<v8::internal::FunctionTemplateInfo>, v8::internal::Handle<v8::internal::Object>, unsigned long*, int) ./../../v8/src/builtins/builtins-api.cc:112:36
    #6 0x55bbf9c51853 in v8::internal::Builtin_Impl_HandleApiCall(v8::internal::BuiltinArguments, v8::internal::Isolate*) ./../../v8/src/builtins/builtins-api.cc:143:5
    #7 0x55bbfc7a8a77 in Builtins_CEntry_Return1_DontSaveFPRegs_ArgvOnStack_BuiltinExit setup-isolate-deserialize.cc:0:0
    #8 0x55bbfc72672b in Builtins_InterpreterEntryTrampoline setup-isolate-deserialize.cc:0:0
    #9 0x55bbfc724e9b in Builtins_JSEntryTrampoline setup-isolate-deserialize.cc:0:0
    #10 0x55bbfc724bc6 in Builtins_JSEntry setup-isolate-deserialize.cc:0:0
    #11 0x55bbfa037235 in Call ./../../v8/src/execution/simulator.h:157:12
    #12 0x55bbfa037235 in v8::internal::(anonymous namespace)::Invoke(v8::internal::Isolate*, v8::internal::(anonymous namespace)::InvokeParams const&) ./../../v8/src/execution/execution.cc:426:33
    #13 0x55bbfa0388e0 in v8::internal::Execution::CallScript(v8::internal::Isolate*, v8::internal::Handle<v8::internal::JSFunction>, v8::internal::Handle<v8::internal::Object>, v8::internal::Handle<v8::internal::Object>) ./../../v8/src/execution/execution.cc:537:10
    #14 0x55bbf9afbe0a in v8::Script::Run(v8::Local<v8::Context>, v8::Local<v8::Data>) ./../../v8/src/api/api.cc:2133:7
    #15 0x55bbff043bd0 in CFXJS_Engine::Execute(fxcrt::WideString const&) ./../../third_party/pdfium/fxjs/cfxjs_engine.cpp:599:25
    #16 0x55bbff104cb1 in CJS_Runtime::ExecuteScript(fxcrt::WideString const&) ./../../third_party/pdfium/fxjs/cjs_runtime.cpp:171:10
    #17 0x55bbff0a0f6b in CJS_EventContext::RunScript(fxcrt::WideString const&) ./../../third_party/pdfium/fxjs/cjs_event_context.cpp:49:23
    #18 0x55bbfefab71e in CPDFSDK_FormFillEnvironment::RunScript(fxcrt::WideString const&, std::Cr::function<void (IJS_EventContext*)> const&) ./../../third_party/pdfium/fpdfsdk/cpdfsdk_formfillenvironment.cpp:1211:13
    #19 0x55bbfefa8ac7 in RunDocumentOpenJavaScript ./../../third_party/pdfium/fpdfsdk/cpdfsdk_formfillenvironment.cpp:1143:3
    #20 0x55bbfefa8ac7 in CPDFSDK_FormFillEnvironment::ExecuteDocumentOpenAction(CPDF_Action const&, std::Cr::set<CPDF_Dictionary const*, std::Cr::less<CPDF_Dictionary const*>, std::Cr::allocator<CPDF_Dictionary const*>>*) ./../../third_party/pdfium/fpdfsdk/cpdfsdk_formfillenvironment.cpp:940:9
    #21 0x55bbfefa75d2 in DoActionDocOpen ./../../third_party/pdfium/fpdfsdk/cpdfsdk_formfillenvironment.cpp:836:10
    #22 0x55bbfefa75d2 in CPDFSDK_FormFillEnvironment::ProcOpenAction() ./../../third_party/pdfium/fpdfsdk/cpdfsdk_formfillenvironment.cpp:675:3
    #23 0x55bbfe8b370d in chrome_pdf::PDFiumEngine::FinishLoadingDocument() ./../../pdf/pdfium/pdfium_engine.cc:885:3
    #24 0x55bbfe8d8789 in chrome_pdf::PDFiumEngine::ContinueLoadingDocument(std::Cr::basic_string<char, std::Cr::char_traits<char>, std::Cr::allocator<char>> const&) ./../../pdf/pdfium/pdfium_engine.cc:2791:5
    #25 0x55bbfe8b8584 in chrome_pdf::PDFiumEngine::LoadDocument() ./../../pdf/pdfium/pdfium_engine.cc:2714:5
    #26 0x55bbfe924134 in chrome_pdf::DocumentLoaderImpl::DidRead(int) ./../../pdf/loader/document_loader_impl.cc:0:0
    #27 0x55bbfe924fc6 in Invoke<void (chrome_pdf::DocumentLoaderImpl::*)(int), base::WeakPtr<chrome_pdf::DocumentLoaderImpl>, int> ./../../base/bind_internal.h:608:12
    #28 0x55bbfe924fc6 in MakeItSo<void (chrome_pdf::DocumentLoaderImpl::*)(int), base::WeakPtr<chrome_pdf::DocumentLoaderImpl>, int> ./../../base/bind_internal.h:797:5
    #29 0x55bbfe924fc6 in RunImpl<void (chrome_pdf::DocumentLoaderImpl::*)(int), std::Cr::tuple<base::WeakPtr<chrome_pdf::DocumentLoaderImpl> >, 0UL> ./../../base/bind_internal.h:850:12
    #30 0x55bbfe924fc6 in base::internal::Invoker<base::internal::BindState<void (chrome_pdf::DocumentLoaderImpl::*)(int), base::WeakPtr<chrome_pdf::DocumentLoaderImpl>>, void (int)>::RunOnce(base::internal::BindStateBase*, int) ./../../base/bind_internal.h:819:12
    #31 0x55bbfe932eb7 in Run ./../../base/callback.h:145:12
    #32 0x55bbfe932eb7 in chrome_pdf::URLLoaderWrapperImpl::DidRead(base::OnceCallback<void (int)>, int) ./../../pdf/loader/url_loader_wrapper_impl.cc:253:25
    #33 0x55bbfe93c596 in Invoke<void (chrome_pdf::URLLoaderWrapperImpl::*)(base::OnceCallback<void (int)>, int), base::WeakPtr<chrome_pdf::URLLoaderWrapperImpl>, base::OnceCallback<void (int)>, int> ./../../base/bind_internal.h:608:12
    #34 0x55bbfe93c596 in MakeItSo<void (chrome_pdf::URLLoaderWrapperImpl::*)(base::OnceCallback<void (int)>, int), base::WeakPtr<chrome_pdf::URLLoaderWrapperImpl>, base::OnceCallback<void (int)>, int> ./../../base/bind_internal.h:797:5
    #35 0x55bbfe93c596 in RunImpl<void (chrome_pdf::URLLoaderWrapperImpl::*)(base::OnceCallback<void (int)>, int), std::Cr::tuple<base::WeakPtr<chrome_pdf::URLLoaderWrapperImpl>, base::OnceCallback<void (int)> >, 0UL, 1UL> ./../../base/bind_internal.h:850:12
    #36 0x55bbfe93c596 in base::internal::Invoker<base::internal::BindState<void (chrome_pdf::URLLoaderWrapperImpl::*)(base::OnceCallback<void (int)>, int), base::WeakPtr<chrome_pdf::URLLoaderWrapperImpl>, base::OnceCallback<void (int)>>, void (int)>::RunOnce(base::internal::BindStateBase*, int) ./../../base/bind_internal.h:819:12
    #37 0x55bbfe92e0b5 in Run ./../../base/callback.h:145:12
    #38 0x55bbfe92e0b5 in chrome_pdf::UrlLoader::RunReadCallback() ./../../pdf/loader/url_loader.cc:301:29
    #39 0x55bbfe92d9bc in chrome_pdf::UrlLoader::ReadResponseBody(base::span<char, 18446744073709551615ul>, base::OnceCallback<void (int)>) ./../../pdf/loader/url_loader.cc:162:5
    #40 0x55bbfe932b10 in chrome_pdf::URLLoaderWrapperImpl::ReadResponseBodyImpl(base::OnceCallback<void (int)>) ./../../pdf/loader/url_loader_wrapper_impl.cc:178:16
    #41 0x55bbfe93c854 in Invoke<void (chrome_pdf::URLLoaderWrapperImpl::*)(base::OnceCallback<void (int)>), chrome_pdf::URLLoaderWrapperImpl *, base::OnceCallback<void (int)> > ./../../base/bind_internal.h:608:12
    #42 0x55bbfe93c854 in MakeItSo<void (chrome_pdf::URLLoaderWrapperImpl::*)(base::OnceCallback<void (int)>), chrome_pdf::URLLoaderWrapperImpl *, base::OnceCallback<void (int)> > ./../../base/bind_internal.h:777:12
    #43 0x55bbfe93c854 in RunImpl<void (chrome_pdf::URLLoaderWrapperImpl::*)(base::OnceCallback<void (int)>), std::Cr::tuple<base::internal::UnretainedWrapper<chrome_pdf::URLLoaderWrapperImpl>, base::OnceCallback<void (int)> >, 0UL, 1UL> ./../../base/bind_internal.h:850:12
    #44 0x55bbfe93c854 in base::internal::Invoker<base::internal::BindState<void (chrome_pdf::URLLoaderWrapperImpl::*)(base::OnceCallback<void (int)>), base::internal::UnretainedWrapper<chrome_pdf::URLLoaderWrapperImpl>, base::OnceCallback<void (int)>>, void ()>::RunOnce(base::internal::BindStateBase*) ./../../base/bind_internal.h:819:12
    #45 0x55bc00acf270 in Run ./../../base/callback.h:145:12
    #46 0x55bc00acf270 in base::OneShotTimer::RunUserTask() ./../../base/timer/timer.cc:278:19
    #47 0x55bc00a179c9 in Run ./../../base/callback.h:145:12
    #48 0x55bc00a179c9 in base::TaskAnnotator::RunTaskImpl(base::PendingTask&) ./../../base/task/common/task_annotator.cc:133:32
    #49 0x55bc00a5bf28 in RunTask<(lambda at ../../base/task/sequence_manager/thread_controller_with_message_pump_impl.cc:424:29)> ./../../base/task/common/task_annotator.h:72:5
    #50 0x55bc00a5bf28 in base::sequence_manager::internal::ThreadControllerWithMessagePumpImpl::DoWorkImpl(base::LazyNow*) ./../../base/task/sequence_manager/thread_controller_with_message_pump_impl.cc:422:21
    #51 0x55bc00a5b147 in base::sequence_manager::internal::ThreadControllerWithMessagePumpImpl::DoWork() ./../../base/task/sequence_manager/thread_controller_with_message_pump_impl.cc:292:41
    #52 0x55bc00a5d054 in non-virtual thunk to base::sequence_manager::internal::ThreadControllerWithMessagePumpImpl::DoWork() ./../../base/task/sequence_manager/thread_controller_with_message_pump_impl.cc:0:0
    #53 0x55bc0092ca89 in base::MessagePumpDefault::Run(base::MessagePump::Delegate*) ./../../base/message_loop/message_pump_default.cc:39:55
    #54 0x55bc00a5db80 in base::sequence_manager::internal::ThreadControllerWithMessagePumpImpl::Run(bool, base::TimeDelta) ./../../base/task/sequence_manager/thread_controller_with_message_pump_impl.cc:575:12
    #55 0x55bc009ada28 in base::RunLoop::Run(base::Location const&) ./../../base/run_loop.cc:141:14
    #56 0x55bc156b1370 in content::RendererMain(content::MainFunctionParams) ./../../content/renderer/renderer_main.cc:305:16
    #57 0x55bbff7cb7b1 in content::RunZygote(content::ContentMainDelegate*) ./../../content/app/content_main_runner_impl.cc:649:14
    #58 0x55bbff7cd82c in content::RunOtherNamedProcessTypeMain(std::Cr::basic_string<char, std::Cr::char_traits<char>, std::Cr::allocator<char>> const&, content::MainFunctionParams, content::ContentMainDelegate*) ./../../content/app/content_main_runner_impl.cc:731:12
    #59 0x55bbff7cf9a1 in content::ContentMainRunnerImpl::Run() ./../../content/app/content_main_runner_impl.cc:1071:10
    #60 0x55bbff7c894c in content::RunContentProcess(content::ContentMainParams, content::ContentMainRunner*) ./../../content/app/content_main.cc:433:36
    #61 0x55bbff7c90ab in content::ContentMain(content::ContentMainParams) ./../../content/app/content_main.cc:461:10
    #62 0x55bbf1094bd3 in ChromeMain ./../../chrome/app/chrome_main.cc:182:12
    #63 0x7fe55ff5b082 in __libc_start_main /build/glibc-SzIz7B/glibc-2.31/csu/../csu/libc-start.c:308:16

0x6060000d3580 is located 0 bytes inside of 64-byte region [0x6060000d3580,0x6060000d35c0)
freed by thread T0 (chrome) here:
    #0 0x55bbf1092c3d in operator delete(void*) _asan_rtl_:3
    #1 0x55bbfee3414c in Release ./../../third_party/pdfium/core/fxcrt/retain_ptr.h:134:7
    #2 0x55bbfee3414c in operator() ./../../third_party/pdfium/core/fxcrt/retain_ptr.h:22:47
    #3 0x55bbfee3414c in reset ./../../buildtools/third_party/libc++/trunk/include/__memory/unique_ptr.h:308:7
    #4 0x55bbfee3414c in operator= ./../../third_party/pdfium/core/fxcrt/retain_ptr.h:75:12
    #5 0x55bbfee3414c in CPDF_IndirectObjectHolder::AddIndirectObject(fxcrt::RetainPtr<CPDF_Object>) ./../../third_party/pdfium/core/fpdfapi/parser/cpdf_indirect_object_holder.cpp:72:14
    #6 0x55bbfedfdf44 in CPDF_Array::ConvertToIndirectObjectAt(unsigned long, CPDF_IndirectObjectHolder*) ./../../third_party/pdfium/core/fpdfapi/parser/cpdf_array.cpp:205:32
    #7 0x55bbfeea322d in CPDF_AnnotList::CPDF_AnnotList(CPDF_Page*) ./../../third_party/pdfium/core/fpdfdoc/cpdf_annotlist.cpp:195:14
    #8 0x55bbfefbc42d in make_unique<CPDF_AnnotList, CPDF_Page *&> ./../../buildtools/third_party/libc++/trunk/include/__memory/unique_ptr.h:744:32
    #9 0x55bbfefbc42d in CPDFSDK_PageView::LoadFXAnnots() ./../../third_party/pdfium/fpdfsdk/cpdfsdk_pageview.cpp:559:18
    #10 0x55bbfef9fd8a in CPDFSDK_FormFillEnvironment::GetOrCreatePageView(IPDF_Page*) ./../../third_party/pdfium/fpdfsdk/cpdfsdk_formfillenvironment.cpp:625:14
    #11 0x55bbfefe45f2 in FormHandleToPageView ./../../third_party/pdfium/fpdfsdk/fpdf_formfill.cpp:169:39
    #12 0x55bbfefe45f2 in FORM_OnAfterLoadPage ./../../third_party/pdfium/fpdfsdk/fpdf_formfill.cpp:727:37
    #13 0x55bbfe8f95d7 in chrome_pdf::PDFiumPage::GetPage() ./../../pdf/pdfium/pdfium_page.cc:322:7
    #14 0x55bbfe8f281f in chrome_pdf::PDFiumFormFiller::Form_GetPage(_FPDF_FORMFILLINFO*, fpdf_document_t__*, int) ./../../pdf/pdfium/pdfium_form_filler.cc:232:38
    #15 0x55bbfefa6c44 in GetPage ./../../third_party/pdfium/fpdfsdk/cpdfsdk_formfillenvironment.cpp:708:31
    #16 0x55bbfefa6c44 in CPDFSDK_FormFillEnvironment::GetPageViewAtIndex(int) ./../../third_party/pdfium/fpdfsdk/cpdfsdk_formfillenvironment.cpp:640:26
    #17 0x55bbfefb0020 in CPDFSDK_InteractiveForm::GetWidget(CPDF_FormControl*) const ./../../third_party/pdfium/fpdfsdk/cpdfsdk_interactiveform.cpp:144:31
    #18 0x55bbff0bd8ae in CJS_Field::setFocus(CJS_Runtime*, std::Cr::vector<v8::Local<v8::Value>, std::Cr::allocator<v8::Local<v8::Value>>> const&) ./../../third_party/pdfium/fxjs/cjs_field.cpp:2479:22
    #19 0x55bbff0d89ec in void JSMethod<CJS_Field, &CJS_Field::setFocus(CJS_Runtime*, std::Cr::vector<v8::Local<v8::Value>, std::Cr::allocator<v8::Local<v8::Value>>> const&)>(char const*, char const*, v8::FunctionCallbackInfo<v8::Value> const&) ./../../third_party/pdfium/fxjs/js_define.h:128:23
    #20 0x55bbf9c55c71 in v8::internal::FunctionCallbackArguments::Call(v8::internal::CallHandlerInfo) ./../../v8/src/api/api-arguments-inl.h:146:3
    #21 0x55bbf9c539c8 in v8::internal::MaybeHandle<v8::internal::Object> v8::internal::(anonymous namespace)::HandleApiCallHelper<false>(v8::internal::Isolate*, v8::internal::Handle<v8::internal::HeapObject>, v8::internal::Handle<v8::internal::FunctionTemplateInfo>, v8::internal::Handle<v8::internal::Object>, unsigned long*, int) ./../../v8/src/builtins/builtins-api.cc:112:36
    #22 0x55bbf9c51853 in v8::internal::Builtin_Impl_HandleApiCall(v8::internal::BuiltinArguments, v8::internal::Isolate*) ./../../v8/src/builtins/builtins-api.cc:143:5
    #23 0x55bbfc7a8a77 in Builtins_CEntry_Return1_DontSaveFPRegs_ArgvOnStack_BuiltinExit setup-isolate-deserialize.cc:0:0
    #24 0x55bbfc72672b in Builtins_InterpreterEntryTrampoline setup-isolate-deserialize.cc:0:0
    #25 0x55bbfc724e9b in Builtins_JSEntryTrampoline setup-isolate-deserialize.cc:0:0
    #26 0x55bbfc724bc6 in Builtins_JSEntry setup-isolate-deserialize.cc:0:0
    #27 0x55bbfa037235 in Call ./../../v8/src/execution/simulator.h:157:12
    #28 0x55bbfa037235 in v8::internal::(anonymous namespace)::Invoke(v8::internal::Isolate*, v8::internal::(anonymous namespace)::InvokeParams const&) ./../../v8/src/execution/execution.cc:426:33
    #29 0x55bbfa0388e0 in v8::internal::Execution::CallScript(v8::internal::Isolate*, v8::internal::Handle<v8::internal::JSFunction>, v8::internal::Handle<v8::internal::Object>, v8::internal::Handle<v8::internal::Object>) ./../../v8/src/execution/execution.cc:537:10
    #30 0x55bbf9afbe0a in v8::Script::Run(v8::Local<v8::Context>, v8::Local<v8::Data>) ./../../v8/src/api/api.cc:2133:7
    #31 0x55bbff043bd0 in CFXJS_Engine::Execute(fxcrt::WideString const&) ./../../third_party/pdfium/fxjs/cfxjs_engine.cpp:599:25
    #32 0x55bbff104cb1 in CJS_Runtime::ExecuteScript(fxcrt::WideString const&) ./../../third_party/pdfium/fxjs/cjs_runtime.cpp:171:10
    #33 0x55bbff0a0f6b in CJS_EventContext::RunScript(fxcrt::WideString const&) ./../../third_party/pdfium/fxjs/cjs_event_context.cpp:49:23
    #34 0x55bbfefab71e in CPDFSDK_FormFillEnvironment::RunScript(fxcrt::WideString const&, std::Cr::function<void (IJS_EventContext*)> const&) ./../../third_party/pdfium/fpdfsdk/cpdfsdk_formfillenvironment.cpp:1211:13
    #35 0x55bbfefa8fce in RunFieldJavaScript ./../../third_party/pdfium/fpdfsdk/cpdfsdk_formfillenvironment.cpp:1100:3
    #36 0x55bbfefa8fce in CPDFSDK_FormFillEnvironment::DoActionFieldJavaScript(CPDF_Action const&, CPDF_AAction::AActionType, CPDF_FormField*, CFFL_FieldAction*) ./../../third_party/pdfium/fpdfsdk/cpdfsdk_formfillenvironment.cpp:862:7
    #37 0x55bbfefb24c1 in CPDFSDK_InteractiveForm::OnValidate(CPDF_FormField*, fxcrt::WideString const&) ./../../third_party/pdfium/fpdfsdk/cpdfsdk_interactiveform.cpp:378:19
    #38 0x55bbfeebbf53 in NotifyBeforeValueChange ./../../third_party/pdfium/core/fpdfdoc/cpdf_formfield.cpp:835:31
    #39 0x55bbfeebbf53 in CPDF_FormField::ResetField() ./../../third_party/pdfium/core/fpdfdoc/cpdf_formfield.cpp:198:12

previously allocated by thread T0 (chrome) here:
    #0 0x55bbf10923dd in operator new(unsigned long) _asan_rtl_:3
    #1 0x55bbfee7b538 in MakeRetain<CPDF_Stream> ./../../third_party/pdfium/core/fxcrt/retain_ptr.h:164:23
    #2 0x55bbfee7b538 in CPDF_SyntaxParser::ReadStream(fxcrt::RetainPtr<CPDF_Dictionary>) ./../../third_party/pdfium/core/fpdfapi/parser/cpdf_syntax_parser.cpp:789:15
    #3 0x55bbfee7933e in CPDF_SyntaxParser::GetObjectBodyInternal(CPDF_IndirectObjectHolder*, CPDF_SyntaxParser::ParseType) ./../../third_party/pdfium/core/fpdfapi/parser/cpdf_syntax_parser.cpp:600:12
    #4 0x55bbfee7c836 in CPDF_SyntaxParser::GetIndirectObject(CPDF_IndirectObjectHolder*, CPDF_SyntaxParser::ParseType) ./../../third_party/pdfium/core/fpdfapi/parser/cpdf_syntax_parser.cpp:634:33
    #5 0x55bbfee50137 in CPDF_Parser::ParseIndirectObjectAt(long, unsigned int) ./../../third_party/pdfium/core/fpdfapi/parser/cpdf_parser.cpp:978:28
    #6 0x55bbfee51ebe in CPDF_Parser::ParseIndirectObject(unsigned int) ./../../third_party/pdfium/core/fpdfapi/parser/cpdf_parser.cpp:926:12
    #7 0x55bbfee23dac in CPDF_Document::ParseIndirectObject(unsigned int) ./../../third_party/pdfium/core/fpdfapi/parser/cpdf_document.cpp:132:33
    #8 0x55bbfee33a7f in CPDF_IndirectObjectHolder::GetOrParseIndirectObject(unsigned int) ./../../third_party/pdfium/core/fpdfapi/parser/cpdf_indirect_object_holder.cpp:49:36
    #9 0x55bbfee3a28e in CPDF_ObjectAvail::CheckObjects() ./../../third_party/pdfium/core/fpdfapi/parser/cpdf_object_avail.cpp:93:42
    #10 0x55bbfee38874 in CPDF_ObjectAvail::CheckAvail() ./../../third_party/pdfium/core/fpdfapi/parser/cpdf_object_avail.cpp:44:7
    #11 0x55bbfee194d6 in CPDF_DataAvail::CheckAcroForm() ./../../third_party/pdfium/core/fpdfapi/parser/cpdf_data_avail.cpp:985:25
    #12 0x55bbfee1ab7a in CPDF_DataAvail::IsFormAvail(CPDF_DataAvail::DownloadHints*) ./../../third_party/pdfium/core/fpdfapi/parser/cpdf_data_avail.cpp:958:10
    #13 0x55bbfefd0a88 in FPDFAvail_IsFormAvail ./../../third_party/pdfium/fpdfsdk/fpdf_dataavail.cpp:211:39
    #14 0x55bbfe8aebdd in chrome_pdf::PDFiumDocument::SetFormStatus() ./../../pdf/pdfium/pdfium_document.cc:112:7
    #15 0x55bbfe8d9ef7 in chrome_pdf::PDFiumEngine::LoadForm() ./../../pdf/pdfium/pdfium_engine.cc:2927:14
    #16 0x55bbfe8b87ed in chrome_pdf::PDFiumEngine::LoadBody() ./../../pdf/pdfium/pdfium_engine.cc:2897:5
    #17 0x55bbfe8d872e in chrome_pdf::PDFiumEngine::ContinueLoadingDocument(std::Cr::basic_string<char, std::Cr::char_traits<char>, std::Cr::allocator<char>> const&) ./../../pdf/pdfium/pdfium_engine.cc:2788:3
    #18 0x55bbfe8b8584 in chrome_pdf::PDFiumEngine::LoadDocument() ./../../pdf/pdfium/pdfium_engine.cc:2714:5
    #19 0x55bbfe924134 in chrome_pdf::DocumentLoaderImpl::DidRead(int) ./../../pdf/loader/document_loader_impl.cc:0:0
    #20 0x55bbfe924fc6 in Invoke<void (chrome_pdf::DocumentLoaderImpl::*)(int), base::WeakPtr<chrome_pdf::DocumentLoaderImpl>, int> ./../../base/bind_internal.h:608:12
    #21 0x55bbfe924fc6 in MakeItSo<void (chrome_pdf::DocumentLoaderImpl::*)(int), base::WeakPtr<chrome_pdf::DocumentLoaderImpl>, int> ./../../base/bind_internal.h:797:5
    #22 0x55bbfe924fc6 in RunImpl<void (chrome_pdf::DocumentLoaderImpl::*)(int), std::Cr::tuple<base::WeakPtr<chrome_pdf::DocumentLoaderImpl> >, 0UL> ./../../base/bind_internal.h:850:12
    #23 0x55bbfe924fc6 in base::internal::Invoker<base::internal::BindState<void (chrome_pdf::DocumentLoaderImpl::*)(int), base::WeakPtr<chrome_pdf::DocumentLoaderImpl>>, void (int)>::RunOnce(base::internal::BindStateBase*, int) ./../../base/bind_internal.h:819:12
    #24 0x55bbfe932eb7 in Run ./../../base/callback.h:145:12
    #25 0x55bbfe932eb7 in chrome_pdf::URLLoaderWrapperImpl::DidRead(base::OnceCallback<void (int)>, int) ./../../pdf/loader/url_loader_wrapper_impl.cc:253:25
    #26 0x55bbfe93c596 in Invoke<void (chrome_pdf::URLLoaderWrapperImpl::*)(base::OnceCallback<void (int)>, int), base::WeakPtr<chrome_pdf::URLLoaderWrapperImpl>, base::OnceCallback<void (int)>, int> ./../../base/bind_internal.h:608:12
    #27 0x55bbfe93c596 in MakeItSo<void (chrome_pdf::URLLoaderWrapperImpl::*)(base::OnceCallback<void (int)>, int), base::WeakPtr<chrome_pdf::URLLoaderWrapperImpl>, base::OnceCallback<void (int)>, int> ./../../base/bind_internal.h:797:5
    #28 0x55bbfe93c596 in RunImpl<void (chrome_pdf::URLLoaderWrapperImpl::*)(base::OnceCallback<void (int)>, int), std::Cr::tuple<base::WeakPtr<chrome_pdf::URLLoaderWrapperImpl>, base::OnceCallback<void (int)> >, 0UL, 1UL> ./../../base/bind_internal.h:850:12
    #29 0x55bbfe93c596 in base::internal::Invoker<base::internal::BindState<void (chrome_pdf::URLLoaderWrapperImpl::*)(base::OnceCallback<void (int)>, int), base::WeakPtr<chrome_pdf::URLLoaderWrapperImpl>, base::OnceCallback<void (int)>>, void (int)>::RunOnce(base::internal::BindStateBase*, int) ./../../base/bind_internal.h:819:12
    #30 0x55bbfe92e0b5 in Run ./../../base/callback.h:145:12
    #31 0x55bbfe92e0b5 in chrome_pdf::UrlLoader::RunReadCallback() ./../../pdf/loader/url_loader.cc:301:29
    #32 0x55bbfe92d9bc in chrome_pdf::UrlLoader::ReadResponseBody(base::span<char, 18446744073709551615ul>, base::OnceCallback<void (int)>) ./../../pdf/loader/url_loader.cc:162:5
    #33 0x55bbfe932b10 in chrome_pdf::URLLoaderWrapperImpl::ReadResponseBodyImpl(base::OnceCallback<void (int)>) ./../../pdf/loader/url_loader_wrapper_impl.cc:178:16
    #34 0x55bbfe93c854 in Invoke<void (chrome_pdf::URLLoaderWrapperImpl::*)(base::OnceCallback<void (int)>), chrome_pdf::URLLoaderWrapperImpl *, base::OnceCallback<void (int)> > ./../../base/bind_internal.h:608:12
    #35 0x55bbfe93c854 in MakeItSo<void (chrome_pdf::URLLoaderWrapperImpl::*)(base::OnceCallback<void (int)>), chrome_pdf::URLLoaderWrapperImpl *, base::OnceCallback<void (int)> > ./../../base/bind_internal.h:777:12
    #36 0x55bbfe93c854 in RunImpl<void (chrome_pdf::URLLoaderWrapperImpl::*)(base::OnceCallback<void (int)>), std::Cr::tuple<base::internal::UnretainedWrapper<chrome_pdf::URLLoaderWrapperImpl>, base::OnceCallback<void (int)> >, 0UL, 1UL> ./../../base/bind_internal.h:850:12
    #37 0x55bbfe93c854 in base::internal::Invoker<base::internal::BindState<void (chrome_pdf::URLLoaderWrapperImpl::*)(base::OnceCallback<void (int)>), base::internal::UnretainedWrapper<chrome_pdf::URLLoaderWrapperImpl>, base::OnceCallback<void (int)>>, void ()>::RunOnce(base::internal::BindStateBase*) ./../../base/bind_internal.h:819:12
    #38 0x55bc00acf270 in Run ./../../base/callback.h:145:12
    #39 0x55bc00acf270 in base::OneShotTimer::RunUserTask() ./../../base/timer/timer.cc:278:19
    #40 0x55bc00a179c9 in Run ./../../base/callback.h:145:12
    #41 0x55bc00a179c9 in base::TaskAnnotator::RunTaskImpl(base::PendingTask&) ./../../base/task/common/task_annotator.cc:133:32
    #42 0x55bc00a5bf28 in RunTask<(lambda at ../../base/task/sequence_manager/thread_controller_with_message_pump_impl.cc:424:29)> ./../../base/task/common/task_annotator.h:72:5
    #43 0x55bc00a5bf28 in base::sequence_manager::internal::ThreadControllerWithMessagePumpImpl::DoWorkImpl(base::LazyNow*) ./../../base/task/sequence_manager/thread_controller_with_message_pump_impl.cc:422:21
    #44 0x55bc00a5b147 in base::sequence_manager::internal::ThreadControllerWithMessagePumpImpl::DoWork() ./../../base/task/sequence_manager/thread_controller_with_message_pump_impl.cc:292:41

SUMMARY: AddressSanitizer: heap-use-after-free (/home/pwns/chromium/src/out/release_asan/chrome+0x18f6a99e) (BuildId: 0b6990ba508bb6a4)
Shadow bytes around the buggy address:
  0x0c0c80012660: fd fd fd fd fa fa fa fa 00 00 00 00 00 00 00 00
  0x0c0c80012670: fa fa fa fa 00 00 00 00 00 00 00 00 fa fa fa fa
  0x0c0c80012680: 00 00 00 00 00 00 00 00 fa fa fa fa 00 00 00 00
  0x0c0c80012690: 00 00 00 00 fa fa fa fa fd fd fd fd fd fd fd fd
  0x0c0c800126a0: fa fa fa fa fd fd fd fd fd fd fd fd fa fa fa fa
=>0x0c0c800126b0:[fd]fd fd fd fd fd fd fd fa fa fa fa fd fd fd fd
  0x0c0c800126c0: fd fd fd fd fa fa fa fa 00 00 00 00 00 00 00 00
  0x0c0c800126d0: fa fa fa fa 00 00 00 00 00 00 00 00 fa fa fa fa
  0x0c0c800126e0: fd fd fd fd fd fd fd fd fa fa fa fa 00 00 00 00
  0x0c0c800126f0: 00 00 00 00 fa fa fa fa 00 00 00 00 00 00 00 00
  0x0c0c80012700: fa fa fa fa fd fd fd fd fd fd fd fd fa fa fa fa
Shadow byte legend (one shadow byte represents 8 application bytes):
  Addressable:           00
  Partially addressable: 01 02 03 04 05 06 07
  Heap left redzone:       fa
  Freed heap region:       fd
  Stack left redzone:      f1
  Stack mid redzone:       f2
  Stack right redzone:     f3
  Stack after return:      f5
  Stack use after scope:   f8
  Global redzone:          f9
  Global init order:       f6
  Poisoned by user:        f7
  Container overflow:      fc
  Array cookie:            ac
  Intra object redzone:    bb
  ASan internal:           fe
  Left alloca redzone:     ca
  Right alloca redzone:    cb
==1==ABORTING
