=================================================================
==19467==ERROR: AddressSanitizer: heap-use-after-free on address 0x612000175540 at pc 0x55f9df062153 bp 0x7fffd5aac6d0 sp 0x7fffd5aac6c8
READ of size 8 at 0x612000175540 thread T0 (chrome)
    #0 0x55f9df062152 in NavigationPredictor::ReportAnchorElementMetricsOnClick(mojo::StructPtr<blink::mojom::AnchorElementMetrics>) ./../../chrome/browser/navigation_predictor/navigation_predictor.cc:509:25
    #1 0x55f9d5f4f129 in blink::mojom::AnchorElementMetricsHostStubDispatch::Accept(blink::mojom::AnchorElementMetricsHost*, mojo::Message*) ./gen/third_party/blink/public/mojom/loader/navigation_predictor.mojom.cc:277:13
    #2 0x55f9dfe34f14 in mojo::InterfaceEndpointClient::HandleValidatedMessage(mojo::Message*) ./../../mojo/public/cpp/bindings/lib/interface_endpoint_client.cc:554:54
    #3 0x55f9dfe424a6 in mojo::MessageDispatcher::Accept(mojo::Message*) ./../../mojo/public/cpp/bindings/lib/message_dispatcher.cc:41:19
    #4 0x55f9dfe4e09e in mojo::internal::MultiplexRouter::ProcessIncomingMessage(mojo::internal::MultiplexRouter::MessageWrapper*, mojo::internal::MultiplexRouter::ClientCallBehavior, base::SequencedTaskRunner*) ./../../mojo/public/cpp/bindings/lib/multiplex_router.cc:955:42
    #5 0x55f9dfe4c7ca in mojo::internal::MultiplexRouter::Accept(mojo::Message*) ./../../mojo/public/cpp/bindings/lib/multiplex_router.cc:622:38
    #6 0x55f9dfe424a6 in mojo::MessageDispatcher::Accept(mojo::Message*) ./../../mojo/public/cpp/bindings/lib/message_dispatcher.cc:41:19
    #7 0x55f9dfe2db15 in mojo::Connector::DispatchMessage(mojo::Message) ./../../mojo/public/cpp/bindings/lib/connector.cc:508:49
    #8 0x55f9dfe2ff73 in mojo::Connector::ReadAllAvailableMessages() ./../../mojo/public/cpp/bindings/lib/connector.cc:566:14
    #9 0x55f9dfe30da4 in void base::internal::FunctorTraits<void (mojo::Connector::*)(), void>::Invoke<void (mojo::Connector::*)(), base::WeakPtr<mojo::Connector> >(void (mojo::Connector::*)(), base::WeakPtr<mojo::Connector>&&) ./../../base/bind_internal.h:498:12
    #10 0x55f9dfe30da4 in void base::internal::InvokeHelper<true, void>::MakeItSo<void (mojo::Connector::*)(), base::WeakPtr<mojo::Connector> >(void (mojo::Connector::*&&)(), base::WeakPtr<mojo::Connector>&&) ./../../base/bind_internal.h:657:5
    #11 0x55f9dfe30da4 in void base::internal::Invoker<base::internal::BindState<void (mojo::Connector::*)(), base::WeakPtr<mojo::Connector> >, void ()>::RunImpl<void (mojo::Connector::*)(), std::__1::tuple<base::WeakPtr<mojo::Connector> >, 0ul>(void (mojo::Connector::*&&)(), std::__1::tuple<base::WeakPtr<mojo::Connector> >&&, std::__1::integer_sequence<unsigned long, 0ul>) ./../../base/bind_internal.h:710:12
    #12 0x55f9dfe30da4 in base::internal::Invoker<base::internal::BindState<void (mojo::Connector::*)(), base::WeakPtr<mojo::Connector> >, void ()>::RunOnce(base::internal::BindStateBase*) ./../../base/bind_internal.h:679:12
    #13 0x55f9de3b09a7 in base::OnceCallback<void ()>::Run() && ./../../base/callback.h:101:12
    #14 0x55f9de3b09a7 in base::TaskAnnotator::RunTask(char const*, base::PendingTask*) ./../../base/task/common/task_annotator.cc:163:33
    #15 0x55f9de3ee830 in base::sequence_manager::internal::ThreadControllerWithMessagePumpImpl::DoWorkImpl(base::sequence_manager::LazyNow*) ./../../base/task/sequence_manager/thread_controller_with_message_pump_impl.cc:351:25
    #16 0x55f9de3edf64 in base::sequence_manager::internal::ThreadControllerWithMessagePumpImpl::DoWork() ./../../base/task/sequence_manager/thread_controller_with_message_pump_impl.cc:264:36
    #17 0x55f9de2b07f0 in base::MessagePumpGlib::Run(base::MessagePump::Delegate*) ./../../base/message_loop/message_pump_glib.cc:404:48
    #18 0x55f9de3f0846 in base::sequence_manager::internal::ThreadControllerWithMessagePumpImpl::Run(bool, base::TimeDelta) ./../../base/task/sequence_manager/thread_controller_with_message_pump_impl.cc:460:12
    #19 0x55f9de337910 in base::RunLoop::Run() ./../../base/run_loop.cc:131:14
    #20 0x55f9dee63de0 in ChromeBrowserMainParts::MainMessageLoopRun(int*) ./../../chrome/browser/chrome_browser_main.cc:1736:15
    #21 0x55f9d74fce98 in content::BrowserMainLoop::RunMainMessageLoopParts() ./../../content/browser/browser_main_loop.cc:974:29
    #22 0x55f9d7502a85 in content::BrowserMainRunnerImpl::Run() ./../../content/browser/browser_main_runner_impl.cc:150:15
    #23 0x55f9d74f5005 in content::BrowserMain(content::MainFunctionParams const&) ./../../content/browser/browser_main.cc:47:28
    #24 0x55f9de0b3f2d in content::RunBrowserProcessMain(content::MainFunctionParams const&, content::ContentMainDelegate*) ./../../content/app/content_main_runner_impl.cc:557:10
    #25 0x55f9de0b3f2d in content::ContentMainRunnerImpl::RunBrowser(content::MainFunctionParams&, bool) ./../../content/app/content_main_runner_impl.cc:1068:10
    #26 0x55f9de0b31c2 in content::ContentMainRunnerImpl::Run(bool) ./../../content/app/content_main_runner_impl.cc:935:12
    #27 0x55f9de0ad00e in content::RunContentProcess(content::ContentMainParams const&, content::ContentMainRunner*) ./../../content/app/content_main.cc:372:36
    #28 0x55f9de0ad60c in content::ContentMain(content::ContentMainParams const&) ./../../content/app/content_main.cc:398:10
    #29 0x55f9d33fed97 in ChromeMain ./../../chrome/app/chrome_main.cc:141:12
    #30 0x7f9dc0fc9bf6 in __libc_start_main /build/glibc-S9d2JN/glibc-2.27/csu/../csu/libc-start.c:310:0

0x612000175540 is located 0 bytes inside of 288-byte region [0x612000175540,0x612000175660)
freed by thread T0 (chrome) here:
    #0 0x55f9d33fcadd in operator delete(void*) /b/s/w/ir/cache/builder/src/third_party/llvm/compiler-rt/lib/asan/asan_new_delete.cpp:160:3
    #1 0x55f9df414338 in std::__1::default_delete<Profile>::operator()(Profile*) const ./../../buildtools/third_party/libc++/trunk/include/memory:2378:5
    #2 0x55f9df414338 in std::__1::unique_ptr<Profile, std::__1::default_delete<Profile> >::reset(Profile*) ./../../buildtools/third_party/libc++/trunk/include/memory:2633:7
    #3 0x55f9df414338 in std::__1::unique_ptr<Profile, std::__1::default_delete<Profile> >::~unique_ptr() ./../../buildtools/third_party/libc++/trunk/include/memory:2587:19
    #4 0x55f9df414338 in std::__1::pair<Profile::OTRProfileID const, std::__1::unique_ptr<Profile, std::__1::default_delete<Profile> > >::~pair() ./../../buildtools/third_party/libc++/trunk/include/utility:297:29
    #5 0x55f9df414338 in void std::__1::allocator_traits<std::__1::allocator<std::__1::__tree_node<std::__1::__value_type<Profile::OTRProfileID, std::__1::unique_ptr<Profile, std::__1::default_delete<Profile> > >, void*> > >::__destroy<std::__1::pair<Profile::OTRProfileID const, std::__1::unique_ptr<Profile, std::__1::default_delete<Profile> > > >(std::__1::integral_constant<bool, false>, std::__1::allocator<std::__1::__tree_node<std::__1::__value_type<Profile::OTRProfileID, std::__1::unique_ptr<Profile, std::__1::default_delete<Profile> > >, void*> >&, std::__1::pair<Profile::OTRProfileID const, std::__1::unique_ptr<Profile, std::__1::default_delete<Profile> > >*) ./../../buildtools/third_party/libc++/trunk/include/memory:1787:23
    #6 0x55f9df414338 in void std::__1::allocator_traits<std::__1::allocator<std::__1::__tree_node<std::__1::__value_type<Profile::OTRProfileID, std::__1::unique_ptr<Profile, std::__1::default_delete<Profile> > >, void*> > >::destroy<std::__1::pair<Profile::OTRProfileID const, std::__1::unique_ptr<Profile, std::__1::default_delete<Profile> > > >(std::__1::allocator<std::__1::__tree_node<std::__1::__value_type<Profile::OTRProfileID, std::__1::unique_ptr<Profile, std::__1::default_delete<Profile> > >, void*> >&, std::__1::pair<Profile::OTRProfileID const, std::__1::unique_ptr<Profile, std::__1::default_delete<Profile> > >*) ./../../buildtools/third_party/libc++/trunk/include/memory:1619:14
    #7 0x55f9df414338 in std::__1::__tree<std::__1::__value_type<Profile::OTRProfileID, std::__1::unique_ptr<Profile, std::__1::default_delete<Profile> > >, std::__1::__map_value_compare<Profile::OTRProfileID, std::__1::__value_type<Profile::OTRProfileID, std::__1::unique_ptr<Profile, std::__1::default_delete<Profile> > >, std::__1::less<Profile::OTRProfileID>, true>, std::__1::allocator<std::__1::__value_type<Profile::OTRProfileID, std::__1::unique_ptr<Profile, std::__1::default_delete<Profile> > > > >::erase(std::__1::__tree_const_iterator<std::__1::__value_type<Profile::OTRProfileID, std::__1::unique_ptr<Profile, std::__1::default_delete<Profile> > >, std::__1::__tree_node<std::__1::__value_type<Profile::OTRProfileID, std::__1::unique_ptr<Profile, std::__1::default_delete<Profile> > >, void*>*, long>) ./../../buildtools/third_party/libc++/trunk/include/__tree:2519:5
    #8 0x55f9df40c729 in unsigned long std::__1::__tree<std::__1::__value_type<Profile::OTRProfileID, std::__1::unique_ptr<Profile, std::__1::default_delete<Profile> > >, std::__1::__map_value_compare<Profile::OTRProfileID, std::__1::__value_type<Profile::OTRProfileID, std::__1::unique_ptr<Profile, std::__1::default_delete<Profile> > >, std::__1::less<Profile::OTRProfileID>, true>, std::__1::allocator<std::__1::__value_type<Profile::OTRProfileID, std::__1::unique_ptr<Profile, std::__1::default_delete<Profile> > > > >::__erase_unique<Profile::OTRProfileID>(Profile::OTRProfileID const&) ./../../buildtools/third_party/libc++/trunk/include/__tree:2542:5
    #9 0x55f9df40c729 in std::__1::map<Profile::OTRProfileID, std::__1::unique_ptr<Profile, std::__1::default_delete<Profile> >, std::__1::less<Profile::OTRProfileID>, std::__1::allocator<std::__1::pair<Profile::OTRProfileID const, std::__1::unique_ptr<Profile, std::__1::default_delete<Profile> > > > >::erase(Profile::OTRProfileID const&) ./../../buildtools/third_party/libc++/trunk/include/map:1304:25
    #10 0x55f9df40c729 in ProfileImpl::DestroyOffTheRecordProfile(Profile*) ./../../chrome/browser/profiles/profile_impl.cc:989:17
    #11 0x55f9df419314 in ProfileDestroyer::DestroyOffTheRecordProfileNow(Profile*) ./../../chrome/browser/profiles/profile_destroyer.cc:85:34
    #12 0x55f9df417890 in ProfileDestroyer::DestroyProfileWhenAppropriate(Profile*) ./../../chrome/browser/profiles/profile_destroyer.cc:62:5
    #13 0x55f9e8a42298 in Browser::~Browser() ./../../chrome/browser/ui/browser.cc:627:7
    #14 0x55f9e8a436ed in Browser::~Browser() ./../../chrome/browser/ui/browser.cc:548:21
    #15 0x55f9e918770b in std::__1::default_delete<Browser>::operator()(Browser*) const ./../../buildtools/third_party/libc++/trunk/include/memory:2378:5
    #16 0x55f9e918770b in std::__1::unique_ptr<Browser, std::__1::default_delete<Browser> >::reset(Browser*) ./../../buildtools/third_party/libc++/trunk/include/memory:2633:7
    #17 0x55f9e918770b in std::__1::unique_ptr<Browser, std::__1::default_delete<Browser> >::~unique_ptr() ./../../buildtools/third_party/libc++/trunk/include/memory:2587:19
    #18 0x55f9e918770b in BrowserView::~BrowserView() ./../../chrome/browser/ui/views/frame/browser_view.cc:670:1
    #19 0x55f9e9188017 in BrowserView::~BrowserView() ./../../chrome/browser/ui/views/frame/browser_view.cc:635:29
    #20 0x55f9e9188017 in non-virtual thunk to BrowserView::~BrowserView() ./../../chrome/browser/ui/views/frame/browser_view.cc:0:0
    #21 0x55f9e845e149 in views::View::~View() ./../../ui/views/view.cc:237:9
    #22 0x55f9e8527059 in views::NonClientView::~NonClientView() ./../../ui/views/window/non_client_view.cc:164:1
    #23 0x55f9e8527059 in views::NonClientView::~NonClientView() ./../../ui/views/window/non_client_view.cc:160:33
    #24 0x55f9e8461773 in std::__1::default_delete<views::View>::operator()(views::View*) const ./../../buildtools/third_party/libc++/trunk/include/memory:2378:5
    #25 0x55f9e8461773 in std::__1::unique_ptr<views::View, std::__1::default_delete<views::View> >::reset(views::View*) ./../../buildtools/third_party/libc++/trunk/include/memory:2633:7
    #26 0x55f9e8461773 in std::__1::unique_ptr<views::View, std::__1::default_delete<views::View> >::~unique_ptr() ./../../buildtools/third_party/libc++/trunk/include/memory:2587:19
    #27 0x55f9e8461773 in views::View::DoRemoveChildView(views::View*, bool, bool, views::View*) ./../../ui/views/view.cc:2563:1
    #28 0x55f9e8461aa5 in views::View::RemoveAllChildViews(bool) ./../../ui/views/view.cc:304:5
    #29 0x55f9e84d0bae in views::Widget::DestroyRootView() ./../../ui/views/widget/widget.cc:1538:15
    #30 0x55f9e84d0bae in views::Widget::~Widget() ./../../ui/views/widget/widget.cc:178:3
    #31 0x55f9e91c88bd in BrowserFrame::~BrowserFrame() ./../../chrome/browser/ui/views/frame/browser_frame.cc:79:31
    #32 0x55f9e858dc2f in views::DesktopNativeWidgetAura::~DesktopNativeWidgetAura() ./../../ui/views/widget/desktop_aura/desktop_native_widget_aura.cc:0:0
    #33 0x55f9e92d0bb6 in DesktopBrowserFrameAuraLinux::~DesktopBrowserFrameAuraLinux() ./../../chrome/browser/ui/views/frame/desktop_browser_frame_aura_linux.cc:29:64
    #34 0x55f9e92d0bb6 in DesktopBrowserFrameAuraLinux::~DesktopBrowserFrameAuraLinux() ./../../chrome/browser/ui/views/frame/desktop_browser_frame_aura_linux.cc:29:63
    #35 0x55f9e85cdf71 in views::DesktopWindowTreeHostPlatform::OnClosed() ./../../ui/views/widget/desktop_aura/desktop_window_tree_host_platform.cc:696:32
    #36 0x55f9e857a028 in views::DesktopWindowTreeHostLinux::OnClosed() ./../../ui/views/widget/desktop_aura/desktop_window_tree_host_linux.cc:248:34
    #37 0x55f9e85c43e6 in views::DesktopWindowTreeHostPlatform::CloseNow() ./../../ui/views/widget/desktop_aura/desktop_window_tree_host_platform.cc:287:22
    #38 0x55f9e85cffc4 in void base::internal::FunctorTraits<void (views::DesktopWindowTreeHostPlatform::*)(), void>::Invoke<void (views::DesktopWindowTreeHostPlatform::*)(), base::WeakPtr<views::DesktopWindowTreeHostPlatform> >(void (views::DesktopWindowTreeHostPlatform::*)(), base::WeakPtr<views::DesktopWindowTreeHostPlatform>&&) ./../../base/bind_internal.h:498:12
    #39 0x55f9e85cffc4 in void base::internal::InvokeHelper<true, void>::MakeItSo<void (views::DesktopWindowTreeHostPlatform::*)(), base::WeakPtr<views::DesktopWindowTreeHostPlatform> >(void (views::DesktopWindowTreeHostPlatform::*&&)(), base::WeakPtr<views::DesktopWindowTreeHostPlatform>&&) ./../../base/bind_internal.h:657:5
    #40 0x55f9e85cffc4 in void base::internal::Invoker<base::internal::BindState<void (views::DesktopWindowTreeHostPlatform::*)(), base::WeakPtr<views::DesktopWindowTreeHostPlatform> >, void ()>::RunImpl<void (views::DesktopWindowTreeHostPlatform::*)(), std::__1::tuple<base::WeakPtr<views::DesktopWindowTreeHostPlatform> >, 0ul>(void (views::DesktopWindowTreeHostPlatform::*&&)(), std::__1::tuple<base::WeakPtr<views::DesktopWindowTreeHostPlatform> >&&, std::__1::integer_sequence<unsigned long, 0ul>) ./../../base/bind_internal.h:710:12
    #41 0x55f9e85cffc4 in base::internal::Invoker<base::internal::BindState<void (views::DesktopWindowTreeHostPlatform::*)(), base::WeakPtr<views::DesktopWindowTreeHostPlatform> >, void ()>::RunOnce(base::internal::BindStateBase*) ./../../base/bind_internal.h:679:12
    #42 0x55f9de3b09a7 in base::OnceCallback<void ()>::Run() && ./../../base/callback.h:101:12
    #43 0x55f9de3b09a7 in base::TaskAnnotator::RunTask(char const*, base::PendingTask*) ./../../base/task/common/task_annotator.cc:163:33
    #44 0x55f9de3ee830 in base::sequence_manager::internal::ThreadControllerWithMessagePumpImpl::DoWorkImpl(base::sequence_manager::LazyNow*) ./../../base/task/sequence_manager/thread_controller_with_message_pump_impl.cc:351:25
    #45 0x55f9de3edf64 in base::sequence_manager::internal::ThreadControllerWithMessagePumpImpl::DoWork() ./../../base/task/sequence_manager/thread_controller_with_message_pump_impl.cc:264:36
    #46 0x55f9de2b1569 in base::MessagePumpGlib::HandleDispatch() ./../../base/message_loop/message_pump_glib.cc:374:46
    #47 0x55f9de2b1569 in base::(anonymous namespace)::WorkSourceDispatch(_GSource*, int (*)(void*), void*) ./../../base/message_loop/message_pump_glib.cc:124:43
    #48 0x7f9dc7bbe536 in g_main_context_dispatch ??:0:0

previously allocated by thread T0 (chrome) here:
    #0 0x55f9d33fc27d in operator new(unsigned long) /b/s/w/ir/cache/builder/src/third_party/llvm/compiler-rt/lib/asan/asan_new_delete.cpp:99:3
    #1 0x55f9df43d10d in Profile::CreateOffTheRecordProfile(Profile*, Profile::OTRProfileID const&) ./../../chrome/browser/profiles/off_the_record_profile_impl.cc:635:19
    #2 0x55f9df40bba1 in ProfileImpl::GetOffTheRecordProfile(Profile::OTRProfileID const&) ./../../chrome/browser/profiles/profile_impl.cc:963:7
    #3 0x55f9df3d353a in Profile::GetPrimaryOTRProfile() ./../../chrome/browser/profiles/profile.cc:492:10
    #4 0x55f9e6fc0bbb in extensions::WindowsCreateFunction::Run() ./../../chrome/browser/extensions/api/tabs/tabs_api.cc:570:52
    #5 0x55f9d92a559d in ExtensionFunction::RunWithValidation() ./../../extensions/browser/extension_function.cc:448:10
    #6 0x55f9d92ad07f in extensions::ExtensionFunctionDispatcher::DispatchWithCallbackInternal(ExtensionHostMsg_Request_Params const&, content::RenderFrameHost*, int, base::RepeatingCallback<void (ExtensionFunction::ResponseType, base::ListValue const&, std::__1::basic_string<char, std::__1::char_traits<char>, std::__1::allocator<char> > const&)> const&) ./../../extensions/browser/extension_function_dispatcher.cc:383:15
    #7 0x55f9d92ac1da in extensions::ExtensionFunctionDispatcher::Dispatch(ExtensionHostMsg_Request_Params const&, content::RenderFrameHost*, int) ./../../extensions/browser/extension_function_dispatcher.cc:253:5
    #8 0x55f9d93220e7 in void IPC::DispatchToMethodImpl<extensions::ExtensionWebContentsObserver, void (extensions::ExtensionWebContentsObserver::*)(content::RenderFrameHost*, ExtensionHostMsg_Request_Params const&), content::RenderFrameHost, std::__1::tuple<ExtensionHostMsg_Request_Params>, 0ul>(extensions::ExtensionWebContentsObserver*, void (extensions::ExtensionWebContentsObserver::*)(content::RenderFrameHost*, ExtensionHostMsg_Request_Params const&), content::RenderFrameHost*, std::__1::tuple<ExtensionHostMsg_Request_Params>&&, std::__1::integer_sequence<unsigned long, 0ul>) ./../../ipc/ipc_message_templates.h:65:3
    #9 0x55f9d93220e7 in std::__1::enable_if<(sizeof...(ExtensionHostMsg_Request_Params const&)) == (std::tuple_size<std::__1::decay<std::__1::tuple<ExtensionHostMsg_Request_Params> >::type>::value), void>::type IPC::DispatchToMethod<extensions::ExtensionWebContentsObserver, content::RenderFrameHost, ExtensionHostMsg_Request_Params const&, std::__1::tuple<ExtensionHostMsg_Request_Params> >(extensions::ExtensionWebContentsObserver*, void (extensions::ExtensionWebContentsObserver::*)(content::RenderFrameHost*, ExtensionHostMsg_Request_Params const&), content::RenderFrameHost*, std::__1::tuple<ExtensionHostMsg_Request_Params>&&) ./../../ipc/ipc_message_templates.h:77:3
    #10 0x55f9d93220e7 in bool IPC::MessageT<ExtensionHostMsg_Request_Meta, std::__1::tuple<ExtensionHostMsg_Request_Params>, void>::Dispatch<extensions::ExtensionWebContentsObserver, extensions::ExtensionWebContentsObserver, content::RenderFrameHost, void (extensions::ExtensionWebContentsObserver::*)(content::RenderFrameHost*, ExtensionHostMsg_Request_Params const&)>(IPC::Message const*, extensions::ExtensionWebContentsObserver*, extensions::ExtensionWebContentsObserver*, content::RenderFrameHost*, void (extensions::ExtensionWebContentsObserver::*)(content::RenderFrameHost*, ExtensionHostMsg_Request_Params const&)) ./../../ipc/ipc_message_templates.h:140:7
    #11 0x55f9d9321e60 in extensions::ExtensionWebContentsObserver::OnMessageReceived(IPC::Message const&, content::RenderFrameHost*) ./../../extensions/browser/extension_web_contents_observer.cc:235:5
    #12 0x55f9e724d5c7 in extensions::ChromeExtensionWebContentsObserver::OnMessageReceived(IPC::Message const&, content::RenderFrameHost*) ./../../chrome/browser/extensions/chrome_extension_web_contents_observer.cc:94:37
    #13 0x55f9d8720b50 in content::WebContentsImpl::OnMessageReceived(content::RenderFrameHostImpl*, IPC::Message const&) ./../../content/browser/web_contents/web_contents_impl.cc:1142:18
    #14 0x55f9d813dbf6 in content::RenderFrameHostImpl::OnMessageReceived(IPC::Message const&) ./../../content/browser/renderer_host/render_frame_host_impl.cc:1894:18
    #15 0x55f9e17f7e87 in IPC::ChannelProxy::Context::OnDispatchMessage(IPC::Message const&) ./../../ipc/ipc_channel_proxy.cc:325:14
    #16 0x55f9de3b09a7 in base::OnceCallback<void ()>::Run() && ./../../base/callback.h:101:12
    #17 0x55f9de3b09a7 in base::TaskAnnotator::RunTask(char const*, base::PendingTask*) ./../../base/task/common/task_annotator.cc:163:33
    #18 0x55f9de3ee830 in base::sequence_manager::internal::ThreadControllerWithMessagePumpImpl::DoWorkImpl(base::sequence_manager::LazyNow*) ./../../base/task/sequence_manager/thread_controller_with_message_pump_impl.cc:351:25
    #19 0x55f9de3edf64 in base::sequence_manager::internal::ThreadControllerWithMessagePumpImpl::DoWork() ./../../base/task/sequence_manager/thread_controller_with_message_pump_impl.cc:264:36
    #20 0x55f9de2b07f0 in base::MessagePumpGlib::Run(base::MessagePump::Delegate*) ./../../base/message_loop/message_pump_glib.cc:404:48
    #21 0x55f9de3f0846 in base::sequence_manager::internal::ThreadControllerWithMessagePumpImpl::Run(bool, base::TimeDelta) ./../../base/task/sequence_manager/thread_controller_with_message_pump_impl.cc:460:12
    #22 0x55f9de337910 in base::RunLoop::Run() ./../../base/run_loop.cc:131:14
    #23 0x55f9dee63de0 in ChromeBrowserMainParts::MainMessageLoopRun(int*) ./../../chrome/browser/chrome_browser_main.cc:1736:15
    #24 0x55f9d74fce98 in content::BrowserMainLoop::RunMainMessageLoopParts() ./../../content/browser/browser_main_loop.cc:974:29
    #25 0x55f9d7502a85 in content::BrowserMainRunnerImpl::Run() ./../../content/browser/browser_main_runner_impl.cc:150:15
    #26 0x55f9d74f5005 in content::BrowserMain(content::MainFunctionParams const&) ./../../content/browser/browser_main.cc:47:28
    #27 0x55f9de0b3f2d in content::RunBrowserProcessMain(content::MainFunctionParams const&, content::ContentMainDelegate*) ./../../content/app/content_main_runner_impl.cc:557:10
    #28 0x55f9de0b3f2d in content::ContentMainRunnerImpl::RunBrowser(content::MainFunctionParams&, bool) ./../../content/app/content_main_runner_impl.cc:1068:10
    #29 0x55f9de0b31c2 in content::ContentMainRunnerImpl::Run(bool) ./../../content/app/content_main_runner_impl.cc:935:12
    #30 0x55f9de0ad00e in content::RunContentProcess(content::ContentMainParams const&, content::ContentMainRunner*) ./../../content/app/content_main.cc:372:36
    #31 0x55f9de0ad60c in content::ContentMain(content::ContentMainParams const&) ./../../content/app/content_main.cc:398:10
    #32 0x55f9d33fed97 in ChromeMain ./../../chrome/app/chrome_main.cc:141:12
    #33 0x7f9dc0fc9bf6 in __libc_start_main /build/glibc-S9d2JN/glibc-2.27/csu/../csu/libc-start.c:310:0

SUMMARY: AddressSanitizer: heap-use-after-free (/home/n/chromes/89.0.4389.114/src/out/x64.asan/chrome+0x15ba6152)
Shadow bytes around the buggy address:
  0x0c2480026a50: fd fd fd fd fd fd fd fd fd fd fd fd fd fd fd fd
  0x0c2480026a60: fd fd fd fd fd fd fd fd fd fd fa fa fa fa fa fa
  0x0c2480026a70: fa fa fa fa fa fa fa fa fd fd fd fd fd fd fd fd
  0x0c2480026a80: fd fd fd fd fd fd fd fd fd fd fd fd fd fd fd fd
  0x0c2480026a90: fd fd fd fd fd fd fd fd fd fd fd fd fd fd fd fd
=>0x0c2480026aa0: fa fa fa fa fa fa fa fa[fd]fd fd fd fd fd fd fd
  0x0c2480026ab0: fd fd fd fd fd fd fd fd fd fd fd fd fd fd fd fd
  0x0c2480026ac0: fd fd fd fd fd fd fd fd fd fd fd fd fa fa fa fa
  0x0c2480026ad0: fa fa fa fa fa fa fa fa fd fd fd fd fd fd fd fd
  0x0c2480026ae0: fd fd fd fd fd fd fd fd fd fd fd fd fd fd fd fd
  0x0c2480026af0: fd fd fd fd fd fd fd fd fd fd fd fd fd fd fa fa
Shadow byte legend (one shadow byte represents 8 application bytes):
  Addressable:           00
  Partially addressable: 01 02 03 04 05 06 07
  Heap left redzone:       fa
  Freed heap region:       fd
  Stack left redzone:      f1
  Stack mid redzone:       f2
  Stack right redzone:     f3
  Stack after return:      f5
  Stack use after scope:   f8
  Global redzone:          f9
  Global init order:       f6
  Poisoned by user:        f7
  Container overflow:      fc
  Array cookie:            ac
  Intra object redzone:    bb
  ASan internal:           fe
  Left alloca redzone:     ca
  Right alloca redzone:    cb
  Shadow gap:              cc
==19467==ABORTING